21:59:59.729 skipping bootstrap configuration: could not find or read file: classpath:karate-config.js
22:00:00.417 request:
1 > POST https://reqres.in/api/users
1 > Accept-Encoding: gzip,deflate
1 > Connection: Keep-Alive
1 > Content-Length: 32
1 > Content-Type: text/plain; charset=UTF-8
1 > Host: reqres.in
1 > User-Agent: Apache-HttpClient/4.5.11 (Java/1.8.0_251)
{"name": morpheus,"job": leader}

22:00:01.998 response time in milliseconds: 1577.55
1 < 201
1 < Access-Control-Allow-Origin: *
1 < CF-Cache-Status: DYNAMIC
1 < CF-RAY: 5b2ca031ec2ade4e-BOM
1 < Connection: keep-alive
1 < Content-Length: 51
1 < Content-Type: application/json; charset=utf-8
1 < Date: Tue, 14 Jul 2020 16:30:00 GMT
1 < Etag: W/"33-nF37xkS3szBbRplRhkpUd6e9Hrc"
1 < Expect-CT: max-age=604800, report-uri="https://report-uri.cloudflare.com/cdn-cgi/beacon/expect-ct"
1 < Server: cloudflare
1 < Set-Cookie: __cfduid=da4bf5668ff42e77304e71e06902295d51594744199; expires=Thu, 13-Aug-20 16:29:59 GMT; path=/; domain=.reqres.in; HttpOnly; SameSite=Lax; Secure
1 < Via: 1.1 vegur
1 < X-Powered-By: Express
1 < cf-request-id: 03efc273340000de4ed0b7b200000001
{"id":"408","createdAt":"2020-07-14T16:30:00.334Z"}

22:00:01.999 [print] {
  "createdAt": "2020-07-14T16:30:00.334Z",
  "id": "408"
}

pg"},"ad":{"company":"StatusCode Weekly","url":"http://statuscode.org/","text":"A weekly newsletter focusing on software development, infrastructure, the server, performance, and the stack end of things."}}

16:37:59.234 skipping bootstrap configuration: could not find or read file: classpath:karate-config.js
16:37:59.240 request:
1 > GET https://reqres.in/api/users/3
1 > Accept-Encoding: gzip,deflate
1 > Connection: Keep-Alive
1 > Host: reqres.in
1 > User-Agent: Apache-HttpClient/4.5.11 (Java/1.8.0_251)

16:38:00.428 response time in milliseconds: 1186.43
1 < 200
1 < Access-Control-Allow-Origin: *
1 < Age: 94
1 < CF-Cache-Status: HIT
1 < CF-RAY: 5b228b1bdf0ddf53-BOM
1 < Cache-Control: max-age=14400
1 < Connection: keep-alive
1 < Content-Type: application/json; charset=utf-8
1 < Date: Mon, 13 Jul 2020 11:07:58 GMT
1 < Etag: W/"16e-/dQyOreIv6pEupp8RbP+u+utK/A"
1 < Expect-CT: max-age=604800, report-uri="https://report-uri.cloudflare.com/cdn-cgi/beacon/expect-ct"
1 < Server: cloudflare
1 < Set-Cookie: __cfduid=d4fa20e2db30d7e67e581b309ffc327791594638478; expires=Wed, 12-Aug-20 11:07:58 GMT; path=/; domain=.reqres.in; HttpOnly; SameSite=Lax; Secure
1 < Transfer-Encoding: chunked
1 < Vary: Accept-Encoding
1 < Via: 1.1 vegur
1 < X-Powered-By: Express
1 < cf-request-id: 03e975456b0000df530b104200000001
{"data":{"id":3,"email":"emma.wong@reqres.in","first_name":"Emma","last_name":"Wong","avatar":"https://s3.amazonaws.com/uifaces/faces/twitter/olegpogodaev/128.jpg"},"ad":{"company":"StatusCode Weekly","url":"http://statuscode.org/","text":"A weekly newsletter focusing on software development, infrastructure, the server, performance, and the stack end of things."}}

16:38:00.497 [print]  Return Value----- Hello
16:38:00.514 [print] Second return value------ 
hings.",
    "url": "http://statuscode.org/"
  },
  "data": {
    "last_name": "Weaver",
    "id": 2,
    "avatar": "https://s3.amazonaws.com/uifaces/faces/twitter/josephstein/128.jpg",
    "first_name": "Janet",
    "email": "janet.weaver@reqres.in"
  }
}

16:36:27.430 [print] Weaver
int] Weaver
