12:52:29.703 skipping bootstrap configuration: could not find or read file: classpath:karate-config.js
12:52:30.567 request:
1 > GET https://reqres.in/api/users/3
1 > Accept-Encoding: gzip,deflate
1 > Connection: Keep-Alive
1 > Host: reqres.in
1 > User-Agent: Apache-HttpClient/4.5.11 (Java/1.8.0_251)

12:52:31.501 response time in milliseconds: 930.76
1 < 200
1 < Access-Control-Allow-Origin: *
1 < Age: 1592
1 < CF-Cache-Status: HIT
1 < CF-RAY: 5b39f8e5682ddf4b-BOM
1 < Cache-Control: max-age=14400
1 < Connection: keep-alive
1 < Content-Type: application/json; charset=utf-8
1 < Date: Thu, 16 Jul 2020 07:22:28 GMT
1 < Etag: W/"16e-/dQyOreIv6pEupp8RbP+u+utK/A"
1 < Expect-CT: max-age=604800, report-uri="https://report-uri.cloudflare.com/cdn-cgi/beacon/expect-ct"
1 < Server: cloudflare
1 < Set-Cookie: __cfduid=def0d4731b5e75fb768bef12f627db4711594884148; expires=Sat, 15-Aug-20 07:22:28 GMT; path=/; domain=.reqres.in; HttpOnly; SameSite=Lax; Secure
1 < Transfer-Encoding: chunked
1 < Vary: Accept-Encoding
1 < Via: 1.1 vegur
1 < X-Powered-By: Express
1 < cf-request-id: 03f819e3640000df4b698d4200000001
{"data":{"id":3,"email":"emma.wong@reqres.in","first_name":"Emma","last_name":"Wong","avatar":"https://s3.amazonaws.com/uifaces/faces/twitter/olegpogodaev/128.jpg"},"ad":{"company":"StatusCode Weekly","url":"http://statuscode.org/","text":"A weekly newsletter focusing on software development, infrastructure, the server, performance, and the stack end of things."}}

12:52:31.576 [print]  Return Value----- Hello
12:52:31.591 [print] Second return value------ 
