13:11:30.884 [main] INFO  com.intuit.karate.Runner - waiting for parallel features to complete ...
13:11:31.082 [ForkJoinPool-1-worker-2] WARN  com.intuit.karate - skipping bootstrap configuration: could not find or read file: classpath:karate-config.js
13:11:31.082 [ForkJoinPool-1-worker-4] WARN  com.intuit.karate - skipping bootstrap configuration: could not find or read file: classpath:karate-config.js
13:11:31.082 [ForkJoinPool-1-worker-5] WARN  com.intuit.karate - skipping bootstrap configuration: could not find or read file: classpath:karate-config.js
13:11:31.082 [ForkJoinPool-1-worker-3] WARN  com.intuit.karate - skipping bootstrap configuration: could not find or read file: classpath:karate-config.js
13:11:31.082 [ForkJoinPool-1-worker-1] WARN  com.intuit.karate - skipping bootstrap configuration: could not find or read file: classpath:karate-config.js
13:11:31.158 [ForkJoinPool-1-worker-5] INFO  com.intuit.karate - [print] Hello  World
13:11:31.158 [ForkJoinPool-1-worker-5] INFO  com.intuit.karate - [print] Hi  everybody
13:11:31.170 [ForkJoinPool-1-worker-5] WARN  com.intuit.karate - skipping bootstrap configuration: could not find or read file: classpath:karate-config.js
13:11:31.431 [pool-1-thread-5] INFO  com.intuit.karate.Runner - <<pass>> feature 5 of 5: classpath:com/feature/readJava.feature
13:11:32.278 [ForkJoinPool-1-worker-3] DEBUG com.intuit.karate - request:
1 > GET https://reqres.in/api/users/3
1 > Accept-Encoding: gzip,deflate
1 > Connection: Keep-Alive
1 > Host: reqres.in
1 > User-Agent: Apache-HttpClient/4.5.11 (Java/1.8.0_251)

13:11:32.278 [ForkJoinPool-1-worker-4] DEBUG com.intuit.karate - request:
1 > GET https://reqres.in/api/users/3
1 > Accept-Encoding: gzip,deflate
1 > Connection: Keep-Alive
1 > Host: reqres.in
1 > User-Agent: Apache-HttpClient/4.5.11 (Java/1.8.0_251)

13:11:32.278 [ForkJoinPool-1-worker-1] DEBUG com.intuit.karate - request:
1 > GET https://reqres.in/api/users/3
1 > Accept-Encoding: gzip,deflate
1 > Connection: Keep-Alive
1 > Host: reqres.in
1 > User-Agent: Apache-HttpClient/4.5.11 (Java/1.8.0_251)

13:11:32.278 [ForkJoinPool-1-worker-5] DEBUG com.intuit.karate - request:
1 > GET https://reqres.in/api/users/3
1 > Accept-Encoding: gzip,deflate
1 > Connection: Keep-Alive
1 > Host: reqres.in
1 > User-Agent: Apache-HttpClient/4.5.11 (Java/1.8.0_251)

13:11:32.281 [ForkJoinPool-1-worker-2] DEBUG com.intuit.karate - request:
1 > POST https://reqres.in/api/users
1 > Accept-Encoding: gzip,deflate
1 > Connection: Keep-Alive
1 > Content-Length: 36
1 > Content-Type: text/plain; charset=UTF-8
1 > Host: reqres.in
1 > User-Agent: Apache-HttpClient/4.5.11 (Java/1.8.0_251)
{"name": "morpheus","job": "leader"}

13:11:43.445 [ForkJoinPool-1-worker-5] ERROR com.intuit.karate - java.net.UnknownHostException: reqres.in, http call failed after 11167 milliseconds for URL: https://reqres.in/api/users/3
13:11:43.445 [ForkJoinPool-1-worker-2] ERROR com.intuit.karate - java.net.UnknownHostException: reqres.in, http call failed after 11164 milliseconds for URL: https://reqres.in/api/users
13:11:43.445 [ForkJoinPool-1-worker-3] ERROR com.intuit.karate - java.net.UnknownHostException: reqres.in, http call failed after 11164 milliseconds for URL: https://reqres.in/api/users/3
13:11:43.445 [ForkJoinPool-1-worker-4] ERROR com.intuit.karate - java.net.UnknownHostException: reqres.in, http call failed after 11167 milliseconds for URL: https://reqres.in/api/users/3
13:11:43.445 [ForkJoinPool-1-worker-1] ERROR com.intuit.karate - java.net.UnknownHostException: reqres.in, http call failed after 11167 milliseconds for URL: https://reqres.in/api/users/3
13:11:43.446 [ForkJoinPool-1-worker-2] ERROR com.intuit.karate - http request failed: 
java.net.UnknownHostException: reqres.in
13:11:43.446 [ForkJoinPool-1-worker-5] ERROR com.intuit.karate - http request failed: 
java.net.UnknownHostException: reqres.in
13:11:43.446 [ForkJoinPool-1-worker-1] ERROR com.intuit.karate - http request failed: 
java.net.UnknownHostException: reqres.in
13:11:43.446 [ForkJoinPool-1-worker-3] ERROR com.intuit.karate - http request failed: 
java.net.UnknownHostException: reqres.in
13:11:43.446 [ForkJoinPool-1-worker-4] ERROR com.intuit.karate - http request failed: 
java.net.UnknownHostException: reqres.in
13:11:43.449 [ForkJoinPool-1-worker-3] ERROR com.intuit.karate - feature call failed: classpath:com/feature/demoTest2.feature
arg: null
demoTest2.feature:4 - 
java.net.UnknownHostException: reqres.in
13:11:43.449 [ForkJoinPool-1-worker-5] ERROR com.intuit.karate - feature call failed: classpath:com/feature/demoTest2.feature
arg: null
demoTest2.feature:4 - 
java.net.UnknownHostException: reqres.in
13:11:43.471 [pool-1-thread-2] INFO  com.intuit.karate.Runner - <<fail>> feature 2 of 5: classpath:com/feature/demoTest2.feature
13:11:43.472 [pool-1-thread-3] INFO  com.intuit.karate.Runner - <<fail>> feature 3 of 5: classpath:com/feature/DemoTestPost1.feature
13:11:43.472 [pool-1-thread-4] INFO  com.intuit.karate.Runner - <<fail>> feature 4 of 5: classpath:com/feature/getCall.feature
13:11:43.476 [pool-1-thread-1] INFO  com.intuit.karate.Runner - <<fail>> feature 1 of 5: classpath:com/feature/demoTest.feature
13:17:40.275 [main] INFO  com.intuit.karate.Runner - waiting for parallel features to complete ...
13:17:40.497 [ForkJoinPool-1-worker-2] WARN  com.intuit.karate - skipping bootstrap configuration: could not find or read file: classpath:karate-config.js
13:17:40.498 [ForkJoinPool-1-worker-1] WARN  com.intuit.karate - skipping bootstrap configuration: could not find or read file: classpath:karate-config.js
13:17:40.497 [ForkJoinPool-1-worker-3] WARN  com.intuit.karate - skipping bootstrap configuration: could not find or read file: classpath:karate-config.js
13:17:40.497 [ForkJoinPool-1-worker-4] WARN  com.intuit.karate - skipping bootstrap configuration: could not find or read file: classpath:karate-config.js
13:17:40.497 [ForkJoinPool-1-worker-5] WARN  com.intuit.karate - skipping bootstrap configuration: could not find or read file: classpath:karate-config.js
13:17:40.581 [ForkJoinPool-1-worker-5] INFO  com.intuit.karate - [print] Hello  World
13:17:40.583 [ForkJoinPool-1-worker-5] INFO  com.intuit.karate - [print] Hi  everybody
13:17:40.596 [ForkJoinPool-1-worker-5] WARN  com.intuit.karate - skipping bootstrap configuration: could not find or read file: classpath:karate-config.js
13:17:40.806 [pool-1-thread-5] INFO  com.intuit.karate.Runner - <<pass>> feature 5 of 5: classpath:com/feature/readJava.feature
13:17:41.563 [ForkJoinPool-1-worker-4] DEBUG com.intuit.karate - request:
1 > GET https://reqres.in/api/users/3
1 > Accept-Encoding: gzip,deflate
1 > Connection: Keep-Alive
1 > Host: reqres.in
1 > User-Agent: Apache-HttpClient/4.5.11 (Java/1.8.0_251)

13:17:41.563 [ForkJoinPool-1-worker-5] DEBUG com.intuit.karate - request:
1 > GET https://reqres.in/api/users/3
1 > Accept-Encoding: gzip,deflate
1 > Connection: Keep-Alive
1 > Host: reqres.in
1 > User-Agent: Apache-HttpClient/4.5.11 (Java/1.8.0_251)

13:17:41.563 [ForkJoinPool-1-worker-1] DEBUG com.intuit.karate - request:
1 > GET https://reqres.in/api/users/3
1 > Accept-Encoding: gzip,deflate
1 > Connection: Keep-Alive
1 > Host: reqres.in
1 > User-Agent: Apache-HttpClient/4.5.11 (Java/1.8.0_251)

13:17:41.563 [ForkJoinPool-1-worker-2] DEBUG com.intuit.karate - request:
1 > GET https://reqres.in/api/users/3
1 > Accept-Encoding: gzip,deflate
1 > Connection: Keep-Alive
1 > Host: reqres.in
1 > User-Agent: Apache-HttpClient/4.5.11 (Java/1.8.0_251)

13:17:41.564 [ForkJoinPool-1-worker-3] DEBUG com.intuit.karate - request:
1 > POST https://reqres.in/api/users
1 > Accept-Encoding: gzip,deflate
1 > Connection: Keep-Alive
1 > Content-Length: 36
1 > Content-Type: text/plain; charset=UTF-8
1 > Host: reqres.in
1 > User-Agent: Apache-HttpClient/4.5.11 (Java/1.8.0_251)
{"name": "morpheus","job": "leader"}

13:17:46.116 [ForkJoinPool-1-worker-2] DEBUG com.intuit.karate - response time in milliseconds: 4546.62
1 < 200
1 < Access-Control-Allow-Origin: *
1 < Age: 6457
1 < CF-Cache-Status: HIT
1 < CF-RAY: 5b2165c90d16a8f8-SIN
1 < Cache-Control: max-age=14400
1 < Connection: keep-alive
1 < Content-Type: application/json; charset=utf-8
1 < Date: Mon, 13 Jul 2020 07:47:44 GMT
1 < Etag: W/"16e-/dQyOreIv6pEupp8RbP+u+utK/A"
1 < Expect-CT: max-age=604800, report-uri="https://report-uri.cloudflare.com/cdn-cgi/beacon/expect-ct"
1 < Server: cloudflare
1 < Set-Cookie: __cfduid=d5c96744503f5a7d52ad7a2838743d2b61594626464; expires=Wed, 12-Aug-20 07:47:44 GMT; path=/; domain=.reqres.in; HttpOnly; SameSite=Lax; Secure
1 < Transfer-Encoding: chunked
1 < Vary: Accept-Encoding
1 < Via: 1.1 vegur
1 < X-Powered-By: Express
1 < cf-request-id: 03e8bdf1a80000a8f8ca1a4200000001
{"data":{"id":3,"email":"emma.wong@reqres.in","first_name":"Emma","last_name":"Wong","avatar":"https://s3.amazonaws.com/uifaces/faces/twitter/olegpogodaev/128.jpg"},"ad":{"company":"StatusCode Weekly","url":"http://statuscode.org/","text":"A weekly newsletter focusing on software development, infrastructure, the server, performance, and the stack end of things."}}

13:17:46.116 [ForkJoinPool-1-worker-1] DEBUG com.intuit.karate - response time in milliseconds: 4546.69
1 < 200
1 < Access-Control-Allow-Origin: *
1 < Age: 6457
1 < CF-Cache-Status: HIT
1 < CF-RAY: 5b2165c938a9cbfc-SIN
1 < Cache-Control: max-age=14400
1 < Connection: keep-alive
1 < Content-Type: application/json; charset=utf-8
1 < Date: Mon, 13 Jul 2020 07:47:44 GMT
1 < Etag: W/"16e-/dQyOreIv6pEupp8RbP+u+utK/A"
1 < Expect-CT: max-age=604800, report-uri="https://report-uri.cloudflare.com/cdn-cgi/beacon/expect-ct"
1 < Server: cloudflare
1 < Set-Cookie: __cfduid=d62e1fe4d91fa6ef67cb573e9ff73149b1594626464; expires=Wed, 12-Aug-20 07:47:44 GMT; path=/; domain=.reqres.in; HttpOnly; SameSite=Lax; Secure
1 < Transfer-Encoding: chunked
1 < Vary: Accept-Encoding
1 < Via: 1.1 vegur
1 < X-Powered-By: Express
1 < cf-request-id: 03e8bdf1c10000cbfcdba56200000001
{"data":{"id":3,"email":"emma.wong@reqres.in","first_name":"Emma","last_name":"Wong","avatar":"https://s3.amazonaws.com/uifaces/faces/twitter/olegpogodaev/128.jpg"},"ad":{"company":"StatusCode Weekly","url":"http://statuscode.org/","text":"A weekly newsletter focusing on software development, infrastructure, the server, performance, and the stack end of things."}}

13:17:46.116 [ForkJoinPool-1-worker-5] DEBUG com.intuit.karate - response time in milliseconds: 4546.78
1 < 200
1 < Access-Control-Allow-Origin: *
1 < Age: 6457
1 < CF-Cache-Status: HIT
1 < CF-RAY: 5b2165c91831e247-SIN
1 < Cache-Control: max-age=14400
1 < Connection: keep-alive
1 < Content-Type: application/json; charset=utf-8
1 < Date: Mon, 13 Jul 2020 07:47:44 GMT
1 < Etag: W/"16e-/dQyOreIv6pEupp8RbP+u+utK/A"
1 < Expect-CT: max-age=604800, report-uri="https://report-uri.cloudflare.com/cdn-cgi/beacon/expect-ct"
1 < Server: cloudflare
1 < Set-Cookie: __cfduid=d70ce16df03a418578210318edf2016321594626464; expires=Wed, 12-Aug-20 07:47:44 GMT; path=/; domain=.reqres.in; HttpOnly; SameSite=Lax; Secure
1 < Transfer-Encoding: chunked
1 < Vary: Accept-Encoding
1 < Via: 1.1 vegur
1 < X-Powered-By: Express
1 < cf-request-id: 03e8bdf1ad0000e24722811200000001
{"data":{"id":3,"email":"emma.wong@reqres.in","first_name":"Emma","last_name":"Wong","avatar":"https://s3.amazonaws.com/uifaces/faces/twitter/olegpogodaev/128.jpg"},"ad":{"company":"StatusCode Weekly","url":"http://statuscode.org/","text":"A weekly newsletter focusing on software development, infrastructure, the server, performance, and the stack end of things."}}

13:17:46.121 [ForkJoinPool-1-worker-4] DEBUG com.intuit.karate - response time in milliseconds: 4556.19
1 < 200
1 < Access-Control-Allow-Origin: *
1 < Age: 6457
1 < CF-Cache-Status: HIT
1 < CF-RAY: 5b2165c93a44dd2a-SIN
1 < Cache-Control: max-age=14400
1 < Connection: keep-alive
1 < Content-Type: application/json; charset=utf-8
1 < Date: Mon, 13 Jul 2020 07:47:44 GMT
1 < Etag: W/"16e-/dQyOreIv6pEupp8RbP+u+utK/A"
1 < Expect-CT: max-age=604800, report-uri="https://report-uri.cloudflare.com/cdn-cgi/beacon/expect-ct"
1 < Server: cloudflare
1 < Set-Cookie: __cfduid=dcd6c70965a3bae214f6c9725b7db2c621594626464; expires=Wed, 12-Aug-20 07:47:44 GMT; path=/; domain=.reqres.in; HttpOnly; SameSite=Lax; Secure
1 < Transfer-Encoding: chunked
1 < Vary: Accept-Encoding
1 < Via: 1.1 vegur
1 < X-Powered-By: Express
1 < cf-request-id: 03e8bdf1c10000dd2a122c9200000001
{"data":{"id":3,"email":"emma.wong@reqres.in","first_name":"Emma","last_name":"Wong","avatar":"https://s3.amazonaws.com/uifaces/faces/twitter/olegpogodaev/128.jpg"},"ad":{"company":"StatusCode Weekly","url":"http://statuscode.org/","text":"A weekly newsletter focusing on software development, infrastructure, the server, performance, and the stack end of things."}}

13:17:46.153 [ForkJoinPool-1-worker-4] DEBUG com.intuit.karate - request:
1 > GET https://reqres.in/api/users/2
1 > Accept-Encoding: gzip,deflate
1 > Connection: Keep-Alive
1 > Host: reqres.in
1 > User-Agent: Apache-HttpClient/4.5.11 (Java/1.8.0_251)

13:17:46.156 [pool-1-thread-2] INFO  com.intuit.karate.Runner - <<pass>> feature 2 of 5: classpath:com/feature/demoTest2.feature
13:17:46.161 [ForkJoinPool-1-worker-5] DEBUG com.intuit.karate - request:
1 > GET https://reqres.in/api/users/3
1 > Accept-Encoding: gzip,deflate
1 > Connection: Keep-Alive
1 > Host: reqres.in
1 > User-Agent: Apache-HttpClient/4.5.11 (Java/1.8.0_251)

13:17:46.208 [ForkJoinPool-1-worker-1] INFO  com.intuit.karate - [print]  Return Value----- Hello
13:17:46.231 [ForkJoinPool-1-worker-1] INFO  com.intuit.karate - [print] Second return value------ 
13:17:46.246 [pool-1-thread-4] INFO  com.intuit.karate.Runner - <<pass>> feature 4 of 5: classpath:com/feature/getCall.feature
13:17:46.511 [ForkJoinPool-1-worker-3] DEBUG com.intuit.karate - response time in milliseconds: 4944.71
1 < 201
1 < Access-Control-Allow-Origin: *
1 < CF-Cache-Status: DYNAMIC
1 < CF-RAY: 5b2165c93a93a934-SIN
1 < Connection: keep-alive
1 < Content-Length: 51
1 < Content-Type: application/json; charset=utf-8
1 < Date: Mon, 13 Jul 2020 07:47:44 GMT
1 < Etag: W/"33-DfUFsVBMYh1qt99eZxOqqVEPrV8"
1 < Expect-CT: max-age=604800, report-uri="https://report-uri.cloudflare.com/cdn-cgi/beacon/expect-ct"
1 < Server: cloudflare
1 < Set-Cookie: __cfduid=dcf40ced8abe80e2b246cb06ce32aeb9f1594626464; expires=Wed, 12-Aug-20 07:47:44 GMT; path=/; domain=.reqres.in; HttpOnly; SameSite=Lax; Secure
1 < Via: 1.1 vegur
1 < X-Powered-By: Express
1 < cf-request-id: 03e8bdf1c20000a9344d1fe200000001
{"id":"813","createdAt":"2020-07-13T07:47:44.502Z"}

13:17:46.527 [pool-1-thread-3] INFO  com.intuit.karate.Runner - <<pass>> feature 3 of 5: classpath:com/feature/DemoTestPost1.feature
13:17:47.972 [ForkJoinPool-1-worker-4] DEBUG com.intuit.karate - response time in milliseconds: 1816.60
1 < 200
1 < Access-Control-Allow-Origin: *
1 < Age: 6469
1 < CF-Cache-Status: HIT
1 < CF-RAY: 5b2165d44811aa96-SIN
1 < Cache-Control: max-age=14400
1 < Connection: keep-alive
1 < Content-Type: application/json; charset=utf-8
1 < Date: Mon, 13 Jul 2020 07:47:45 GMT
1 < Etag: W/"173-1Z8bn0V7UjH6FK7NCaza1ccWXQk"
1 < Expect-CT: max-age=604800, report-uri="https://report-uri.cloudflare.com/cdn-cgi/beacon/expect-ct"
1 < Server: cloudflare
1 < Set-Cookie: __cfduid=df5e5375cef53671245173c2070ef25181594626465; expires=Wed, 12-Aug-20 07:47:45 GMT; path=/; domain=.reqres.in; HttpOnly; SameSite=Lax; Secure
1 < Transfer-Encoding: chunked
1 < Vary: Accept-Encoding
1 < Via: 1.1 vegur
1 < X-Powered-By: Express
1 < cf-request-id: 03e8bdf8b00000aa96f61f5200000001
{"data":{"id":2,"email":"janet.weaver@reqres.in","first_name":"Janet","last_name":"Weaver","avatar":"https://s3.amazonaws.com/uifaces/faces/twitter/josephstein/128.jpg"},"ad":{"company":"StatusCode Weekly","url":"http://statuscode.org/","text":"A weekly newsletter focusing on software development, infrastructure, the server, performance, and the stack end of things."}}

13:17:47.976 [ForkJoinPool-1-worker-4] INFO  com.intuit.karate - [print] {
  "ad": {
    "company": "StatusCode Weekly",
    "text": "A weekly newsletter focusing on software development, infrastructure, the server, performance, and the stack end of things.",
    "url": "http://statuscode.org/"
  },
  "data": {
    "last_name": "Weaver",
    "id": 2,
    "avatar": "https://s3.amazonaws.com/uifaces/faces/twitter/josephstein/128.jpg",
    "first_name": "Janet",
    "email": "janet.weaver@reqres.in"
  }
}

13:17:48.090 [ForkJoinPool-1-worker-4] INFO  com.intuit.karate - [print] Weaver
13:17:48.106 [ForkJoinPool-1-worker-5] DEBUG com.intuit.karate - response time in milliseconds: 1942.10
1 < 200
1 < Access-Control-Allow-Origin: *
1 < Age: 6459
1 < CF-Cache-Status: HIT
1 < CF-RAY: 5b2165d4cef0017e-SIN
1 < Cache-Control: max-age=14400
1 < Connection: keep-alive
1 < Content-Type: application/json; charset=utf-8
1 < Date: Mon, 13 Jul 2020 07:47:46 GMT
1 < Etag: W/"16e-/dQyOreIv6pEupp8RbP+u+utK/A"
1 < Expect-CT: max-age=604800, report-uri="https://report-uri.cloudflare.com/cdn-cgi/beacon/expect-ct"
1 < Server: cloudflare
1 < Set-Cookie: __cfduid=d9b9d26faf7587e6dff5a10de76ea61311594626466; expires=Wed, 12-Aug-20 07:47:46 GMT; path=/; domain=.reqres.in; HttpOnly; SameSite=Lax; Secure
1 < Transfer-Encoding: chunked
1 < Vary: Accept-Encoding
1 < Via: 1.1 vegur
1 < X-Powered-By: Express
1 < cf-request-id: 03e8bdf8fd0000017e69835200000001
{"data":{"id":3,"email":"emma.wong@reqres.in","first_name":"Emma","last_name":"Wong","avatar":"https://s3.amazonaws.com/uifaces/faces/twitter/olegpogodaev/128.jpg"},"ad":{"company":"StatusCode Weekly","url":"http://statuscode.org/","text":"A weekly newsletter focusing on software development, infrastructure, the server, performance, and the stack end of things."}}

13:17:48.108 [ForkJoinPool-1-worker-5] INFO  com.intuit.karate - [print] {
  "ad": {
    "company": "StatusCode Weekly",
    "text": "A weekly newsletter focusing on software development, infrastructure, the server, performance, and the stack end of things.",
    "url": "http://statuscode.org/"
  },
  "data": {
    "last_name": "Wong",
    "id": 3,
    "avatar": "https://s3.amazonaws.com/uifaces/faces/twitter/olegpogodaev/128.jpg",
    "first_name": "Emma",
    "email": "emma.wong@reqres.in"
  }
}

13:17:48.135 [ForkJoinPool-1-worker-5] INFO  com.intuit.karate - [print] Emma
13:17:48.155 [pool-1-thread-1] INFO  com.intuit.karate.Runner - <<pass>> feature 1 of 5: classpath:com/feature/demoTest.feature
13:18:38.278 [main] INFO  com.intuit.karate.Runner - waiting for parallel features to complete ...
13:18:38.428 [ForkJoinPool-1-worker-3] WARN  com.intuit.karate - skipping bootstrap configuration: could not find or read file: classpath:karate-config.js
13:18:38.428 [ForkJoinPool-1-worker-1] WARN  com.intuit.karate - skipping bootstrap configuration: could not find or read file: classpath:karate-config.js
13:18:38.430 [ForkJoinPool-1-worker-5] WARN  com.intuit.karate - skipping bootstrap configuration: could not find or read file: classpath:karate-config.js
13:18:38.428 [ForkJoinPool-1-worker-4] WARN  com.intuit.karate - skipping bootstrap configuration: could not find or read file: classpath:karate-config.js
13:18:38.429 [ForkJoinPool-1-worker-2] WARN  com.intuit.karate - skipping bootstrap configuration: could not find or read file: classpath:karate-config.js
13:18:39.542 [ForkJoinPool-1-worker-2] DEBUG com.intuit.karate - request:
1 > GET https://reqres.in/api/users/3
1 > Accept-Encoding: gzip,deflate
1 > Connection: Keep-Alive
1 > Host: reqres.in
1 > User-Agent: Apache-HttpClient/4.5.11 (Java/1.8.0_251)

13:18:39.542 [ForkJoinPool-1-worker-5] DEBUG com.intuit.karate - request:
1 > GET https://reqres.in/api/users/3
1 > Accept-Encoding: gzip,deflate
1 > Connection: Keep-Alive
1 > Host: reqres.in
1 > User-Agent: Apache-HttpClient/4.5.11 (Java/1.8.0_251)

13:18:39.542 [ForkJoinPool-1-worker-1] DEBUG com.intuit.karate - request:
1 > GET https://reqres.in/api/users/3
1 > Accept-Encoding: gzip,deflate
1 > Connection: Keep-Alive
1 > Host: reqres.in
1 > User-Agent: Apache-HttpClient/4.5.11 (Java/1.8.0_251)

13:18:39.544 [ForkJoinPool-1-worker-4] DEBUG com.intuit.karate - request:
1 > POST https://reqres.in/api/users
1 > Accept-Encoding: gzip,deflate
1 > Connection: Keep-Alive
1 > Content-Length: 36
1 > Content-Type: text/plain; charset=UTF-8
1 > Host: reqres.in
1 > User-Agent: Apache-HttpClient/4.5.11 (Java/1.8.0_251)
{"name": "morpheus","job": "leader"}

13:18:39.546 [ForkJoinPool-1-worker-3] DEBUG com.intuit.karate - request:
1 > POST https://reqres.in/api/users
1 > Accept-Encoding: gzip,deflate
1 > Connection: Keep-Alive
1 > Content-Length: 32
1 > Content-Type: text/plain; charset=UTF-8
1 > Host: reqres.in
1 > User-Agent: Apache-HttpClient/4.5.11 (Java/1.8.0_251)
{"name": morpheus,"job": leader}

13:18:43.068 [ForkJoinPool-1-worker-5] DEBUG com.intuit.karate - response time in milliseconds: 3518.28
1 < 200
1 < Access-Control-Allow-Origin: *
1 < Age: 6513
1 < CF-Cache-Status: HIT
1 < CF-RAY: 5b21672beec5dcca-SIN
1 < Cache-Control: max-age=14400
1 < Connection: keep-alive
1 < Content-Type: application/json; charset=utf-8
1 < Date: Mon, 13 Jul 2020 07:48:40 GMT
1 < Etag: W/"16e-/dQyOreIv6pEupp8RbP+u+utK/A"
1 < Expect-CT: max-age=604800, report-uri="https://report-uri.cloudflare.com/cdn-cgi/beacon/expect-ct"
1 < Server: cloudflare
1 < Set-Cookie: __cfduid=d7db01b68c25e1eb7bb09d0500f5614981594626520; expires=Wed, 12-Aug-20 07:48:40 GMT; path=/; domain=.reqres.in; HttpOnly; SameSite=Lax; Secure
1 < Transfer-Encoding: chunked
1 < Vary: Accept-Encoding
1 < Via: 1.1 vegur
1 < X-Powered-By: Express
1 < cf-request-id: 03e8becf740000dcca6f2ac200000001
{"data":{"id":3,"email":"emma.wong@reqres.in","first_name":"Emma","last_name":"Wong","avatar":"https://s3.amazonaws.com/uifaces/faces/twitter/olegpogodaev/128.jpg"},"ad":{"company":"StatusCode Weekly","url":"http://statuscode.org/","text":"A weekly newsletter focusing on software development, infrastructure, the server, performance, and the stack end of things."}}

13:18:43.068 [ForkJoinPool-1-worker-2] DEBUG com.intuit.karate - response time in milliseconds: 3518.28
1 < 200
1 < Access-Control-Allow-Origin: *
1 < Age: 6513
1 < CF-Cache-Status: HIT
1 < CF-RAY: 5b21672beb2daa72-SIN
1 < Cache-Control: max-age=14400
1 < Connection: keep-alive
1 < Content-Type: application/json; charset=utf-8
1 < Date: Mon, 13 Jul 2020 07:48:40 GMT
1 < Etag: W/"16e-/dQyOreIv6pEupp8RbP+u+utK/A"
1 < Expect-CT: max-age=604800, report-uri="https://report-uri.cloudflare.com/cdn-cgi/beacon/expect-ct"
1 < Server: cloudflare
1 < Set-Cookie: __cfduid=d49f644abf725450b61cab7d9f11314901594626520; expires=Wed, 12-Aug-20 07:48:40 GMT; path=/; domain=.reqres.in; HttpOnly; SameSite=Lax; Secure
1 < Transfer-Encoding: chunked
1 < Vary: Accept-Encoding
1 < Via: 1.1 vegur
1 < X-Powered-By: Express
1 < cf-request-id: 03e8becf740000aa7216102200000001
{"data":{"id":3,"email":"emma.wong@reqres.in","first_name":"Emma","last_name":"Wong","avatar":"https://s3.amazonaws.com/uifaces/faces/twitter/olegpogodaev/128.jpg"},"ad":{"company":"StatusCode Weekly","url":"http://statuscode.org/","text":"A weekly newsletter focusing on software development, infrastructure, the server, performance, and the stack end of things."}}

13:18:43.068 [ForkJoinPool-1-worker-1] DEBUG com.intuit.karate - response time in milliseconds: 3518.29
1 < 200
1 < Access-Control-Allow-Origin: *
1 < Age: 6513
1 < CF-Cache-Status: HIT
1 < CF-RAY: 5b21672bfd3801e9-SIN
1 < Cache-Control: max-age=14400
1 < Connection: keep-alive
1 < Content-Type: application/json; charset=utf-8
1 < Date: Mon, 13 Jul 2020 07:48:40 GMT
1 < Etag: W/"16e-/dQyOreIv6pEupp8RbP+u+utK/A"
1 < Expect-CT: max-age=604800, report-uri="https://report-uri.cloudflare.com/cdn-cgi/beacon/expect-ct"
1 < Server: cloudflare
1 < Set-Cookie: __cfduid=dba2ba721a8617cdf6af4f834bb5eb9c61594626520; expires=Wed, 12-Aug-20 07:48:40 GMT; path=/; domain=.reqres.in; HttpOnly; SameSite=Lax; Secure
1 < Transfer-Encoding: chunked
1 < Vary: Accept-Encoding
1 < Via: 1.1 vegur
1 < X-Powered-By: Express
1 < cf-request-id: 03e8becf7e000001e9d8b43200000001
{"data":{"id":3,"email":"emma.wong@reqres.in","first_name":"Emma","last_name":"Wong","avatar":"https://s3.amazonaws.com/uifaces/faces/twitter/olegpogodaev/128.jpg"},"ad":{"company":"StatusCode Weekly","url":"http://statuscode.org/","text":"A weekly newsletter focusing on software development, infrastructure, the server, performance, and the stack end of things."}}

13:18:43.102 [ForkJoinPool-1-worker-5] DEBUG com.intuit.karate - request:
1 > GET https://reqres.in/api/users/3
1 > Accept-Encoding: gzip,deflate
1 > Connection: Keep-Alive
1 > Host: reqres.in
1 > User-Agent: Apache-HttpClient/4.5.11 (Java/1.8.0_251)

13:18:43.113 [ForkJoinPool-1-worker-2] DEBUG com.intuit.karate - request:
1 > GET https://reqres.in/api/users/2
1 > Accept-Encoding: gzip,deflate
1 > Connection: Keep-Alive
1 > Host: reqres.in
1 > User-Agent: Apache-HttpClient/4.5.11 (Java/1.8.0_251)

13:18:43.129 [ForkJoinPool-1-worker-1] WARN  com.intuit.karate - skipping bootstrap configuration: could not find or read file: classpath:karate-config.js
13:18:43.145 [ForkJoinPool-1-worker-1] DEBUG com.intuit.karate - request:
1 > GET https://reqres.in/api/users/3
1 > Accept-Encoding: gzip,deflate
1 > Connection: Keep-Alive
1 > Host: reqres.in
1 > User-Agent: Apache-HttpClient/4.5.11 (Java/1.8.0_251)

13:18:43.188 [ForkJoinPool-1-worker-3] DEBUG com.intuit.karate - response time in milliseconds: 3640.40
1 < 201
1 < Access-Control-Allow-Origin: *
1 < CF-Cache-Status: DYNAMIC
1 < CF-RAY: 5b21672bfc8ed9b0-SIN
1 < Connection: keep-alive
1 < Content-Length: 51
1 < Content-Type: application/json; charset=utf-8
1 < Date: Mon, 13 Jul 2020 07:48:41 GMT
1 < Etag: W/"33-xlQDhRLHFpW/RO1M9F6qh2eUfQU"
1 < Expect-CT: max-age=604800, report-uri="https://report-uri.cloudflare.com/cdn-cgi/beacon/expect-ct"
1 < Server: cloudflare
1 < Set-Cookie: __cfduid=dbf83ff8cb04bbe5ee81f14a964cbe8b31594626520; expires=Wed, 12-Aug-20 07:48:40 GMT; path=/; domain=.reqres.in; HttpOnly; SameSite=Lax; Secure
1 < Via: 1.1 vegur
1 < X-Powered-By: Express
1 < cf-request-id: 03e8becf7a0000d9b00237b200000001
{"id":"958","createdAt":"2020-07-13T07:48:41.062Z"}

13:18:43.189 [ForkJoinPool-1-worker-3] INFO  com.intuit.karate - [print] {
  "createdAt": "2020-07-13T07:48:41.062Z",
  "id": "958"
}

13:18:43.236 [pool-1-thread-3] INFO  com.intuit.karate.Runner - <<pass>> feature 3 of 6: classpath:com/feature/demoTest2.feature
13:18:43.236 [pool-1-thread-1] INFO  com.intuit.karate.Runner - <<pass>> feature 1 of 6: classpath:com/feature/dataDriven.feature
13:18:43.255 [ForkJoinPool-1-worker-3] WARN  com.intuit.karate - skipping bootstrap configuration: could not find or read file: classpath:karate-config.js
13:18:43.284 [ForkJoinPool-1-worker-3] INFO  com.intuit.karate - [print] Hello  World
13:18:43.284 [ForkJoinPool-1-worker-3] INFO  com.intuit.karate - [print] Hi  everybody
13:18:43.289 [pool-1-thread-3] INFO  com.intuit.karate.Runner - <<pass>> feature 6 of 6: classpath:com/feature/readJava.feature
13:18:43.354 [ForkJoinPool-1-worker-4] DEBUG com.intuit.karate - response time in milliseconds: 3808.04
1 < 201
1 < Access-Control-Allow-Origin: *
1 < CF-Cache-Status: DYNAMIC
1 < CF-RAY: 5b21672c0960cbec-SIN
1 < Connection: keep-alive
1 < Content-Length: 51
1 < Content-Type: application/json; charset=utf-8
1 < Date: Mon, 13 Jul 2020 07:48:41 GMT
1 < Etag: W/"33-jKe2vt0AQT1L9d0JzyqPGJCEXME"
1 < Expect-CT: max-age=604800, report-uri="https://report-uri.cloudflare.com/cdn-cgi/beacon/expect-ct"
1 < Server: cloudflare
1 < Set-Cookie: __cfduid=d97ebd74524591d76d517ca62d7449a511594626520; expires=Wed, 12-Aug-20 07:48:40 GMT; path=/; domain=.reqres.in; HttpOnly; SameSite=Lax; Secure
1 < Via: 1.1 vegur
1 < X-Powered-By: Express
1 < cf-request-id: 03e8becf830000cbec049f1200000001
{"id":"180","createdAt":"2020-07-13T07:48:41.241Z"}

13:18:43.376 [pool-1-thread-4] INFO  com.intuit.karate.Runner - <<pass>> feature 4 of 6: classpath:com/feature/DemoTestPost1.feature
13:18:45.158 [ForkJoinPool-1-worker-5] DEBUG com.intuit.karate - response time in milliseconds: 2054.02
1 < 200
1 < Access-Control-Allow-Origin: *
1 < Age: 6516
1 < CF-Cache-Status: HIT
1 < CF-RAY: 5b2167398888e237-SIN
1 < Cache-Control: max-age=14400
1 < Connection: keep-alive
1 < Content-Type: application/json; charset=utf-8
1 < Date: Mon, 13 Jul 2020 07:48:43 GMT
1 < Etag: W/"16e-/dQyOreIv6pEupp8RbP+u+utK/A"
1 < Expect-CT: max-age=604800, report-uri="https://report-uri.cloudflare.com/cdn-cgi/beacon/expect-ct"
1 < Server: cloudflare
1 < Set-Cookie: __cfduid=da840696a27763852478faa85d938ae201594626523; expires=Wed, 12-Aug-20 07:48:43 GMT; path=/; domain=.reqres.in; HttpOnly; SameSite=Lax; Secure
1 < Transfer-Encoding: chunked
1 < Vary: Accept-Encoding
1 < Via: 1.1 vegur
1 < X-Powered-By: Express
1 < cf-request-id: 03e8bed7f80000e2372ea95200000001
{"data":{"id":3,"email":"emma.wong@reqres.in","first_name":"Emma","last_name":"Wong","avatar":"https://s3.amazonaws.com/uifaces/faces/twitter/olegpogodaev/128.jpg"},"ad":{"company":"StatusCode Weekly","url":"http://statuscode.org/","text":"A weekly newsletter focusing on software development, infrastructure, the server, performance, and the stack end of things."}}

13:18:45.176 [ForkJoinPool-1-worker-5] INFO  com.intuit.karate - [print] {
  "ad": {
    "company": "StatusCode Weekly",
    "text": "A weekly newsletter focusing on software development, infrastructure, the server, performance, and the stack end of things.",
    "url": "http://statuscode.org/"
  },
  "data": {
    "last_name": "Wong",
    "id": 3,
    "avatar": "https://s3.amazonaws.com/uifaces/faces/twitter/olegpogodaev/128.jpg",
    "first_name": "Emma",
    "email": "emma.wong@reqres.in"
  }
}

13:18:45.228 [ForkJoinPool-1-worker-2] DEBUG com.intuit.karate - response time in milliseconds: 2109.81
1 < 200
1 < Access-Control-Allow-Origin: *
1 < Age: 6527
1 < CF-Cache-Status: HIT
1 < CF-RAY: 5b216739db3fddc3-SIN
1 < Cache-Control: max-age=14400
1 < Connection: keep-alive
1 < Content-Type: application/json; charset=utf-8
1 < Date: Mon, 13 Jul 2020 07:48:43 GMT
1 < Etag: W/"173-1Z8bn0V7UjH6FK7NCaza1ccWXQk"
1 < Expect-CT: max-age=604800, report-uri="https://report-uri.cloudflare.com/cdn-cgi/beacon/expect-ct"
1 < Server: cloudflare
1 < Set-Cookie: __cfduid=d96506112db9f6a627e39641f9baefb901594626523; expires=Wed, 12-Aug-20 07:48:43 GMT; path=/; domain=.reqres.in; HttpOnly; SameSite=Lax; Secure
1 < Transfer-Encoding: chunked
1 < Vary: Accept-Encoding
1 < Via: 1.1 vegur
1 < X-Powered-By: Express
1 < cf-request-id: 03e8bed8250000ddc301825200000001
{"data":{"id":2,"email":"janet.weaver@reqres.in","first_name":"Janet","last_name":"Weaver","avatar":"https://s3.amazonaws.com/uifaces/faces/twitter/josephstein/128.jpg"},"ad":{"company":"StatusCode Weekly","url":"http://statuscode.org/","text":"A weekly newsletter focusing on software development, infrastructure, the server, performance, and the stack end of things."}}

13:18:45.231 [ForkJoinPool-1-worker-2] INFO  com.intuit.karate - [print] {
  "ad": {
    "company": "StatusCode Weekly",
    "text": "A weekly newsletter focusing on software development, infrastructure, the server, performance, and the stack end of things.",
    "url": "http://statuscode.org/"
  },
  "data": {
    "last_name": "Weaver",
    "id": 2,
    "avatar": "https://s3.amazonaws.com/uifaces/faces/twitter/josephstein/128.jpg",
    "first_name": "Janet",
    "email": "janet.weaver@reqres.in"
  }
}

13:18:45.234 [ForkJoinPool-1-worker-1] DEBUG com.intuit.karate - response time in milliseconds: 2085.82
1 < 200
1 < Access-Control-Allow-Origin: *
1 < Age: 6516
1 < CF-Cache-Status: HIT
1 < CF-RAY: 5b216739da8cdd3a-SIN
1 < Cache-Control: max-age=14400
1 < Connection: keep-alive
1 < Content-Type: application/json; charset=utf-8
1 < Date: Mon, 13 Jul 2020 07:48:43 GMT
1 < Etag: W/"16e-/dQyOreIv6pEupp8RbP+u+utK/A"
1 < Expect-CT: max-age=604800, report-uri="https://report-uri.cloudflare.com/cdn-cgi/beacon/expect-ct"
1 < Server: cloudflare
1 < Set-Cookie: __cfduid=dbb8cab15a7866bbb597aa0d091bff0dc1594626523; expires=Wed, 12-Aug-20 07:48:43 GMT; path=/; domain=.reqres.in; HttpOnly; SameSite=Lax; Secure
1 < Transfer-Encoding: chunked
1 < Vary: Accept-Encoding
1 < Via: 1.1 vegur
1 < X-Powered-By: Express
1 < cf-request-id: 03e8bed82a0000dd3a68b7d200000001
{"data":{"id":3,"email":"emma.wong@reqres.in","first_name":"Emma","last_name":"Wong","avatar":"https://s3.amazonaws.com/uifaces/faces/twitter/olegpogodaev/128.jpg"},"ad":{"company":"StatusCode Weekly","url":"http://statuscode.org/","text":"A weekly newsletter focusing on software development, infrastructure, the server, performance, and the stack end of things."}}

13:18:45.278 [ForkJoinPool-1-worker-5] INFO  com.intuit.karate - [print] Emma
13:18:45.313 [ForkJoinPool-1-worker-2] INFO  com.intuit.karate - [print] Weaver
13:18:45.314 [ForkJoinPool-1-worker-1] INFO  com.intuit.karate - [print]  Return Value----- Hello
13:18:45.343 [ForkJoinPool-1-worker-1] INFO  com.intuit.karate - [print] Second return value------ 
13:18:45.351 [pool-1-thread-2] INFO  com.intuit.karate.Runner - <<pass>> feature 2 of 6: classpath:com/feature/demoTest.feature
13:18:45.356 [pool-1-thread-5] INFO  com.intuit.karate.Runner - <<pass>> feature 5 of 6: classpath:com/feature/getCall.feature
16:36:20.349 [main] INFO  com.intuit.karate.Runner - waiting for parallel features to complete ...
16:36:20.500 [ForkJoinPool-1-worker-4] WARN  com.intuit.karate - skipping bootstrap configuration: could not find or read file: classpath:karate-config.js
16:36:20.502 [ForkJoinPool-1-worker-2] WARN  com.intuit.karate - skipping bootstrap configuration: could not find or read file: classpath:karate-config.js
16:36:20.500 [ForkJoinPool-1-worker-5] WARN  com.intuit.karate - skipping bootstrap configuration: could not find or read file: classpath:karate-config.js
16:36:20.500 [ForkJoinPool-1-worker-3] WARN  com.intuit.karate - skipping bootstrap configuration: could not find or read file: classpath:karate-config.js
16:36:20.500 [ForkJoinPool-1-worker-1] WARN  com.intuit.karate - skipping bootstrap configuration: could not find or read file: classpath:karate-config.js
16:36:21.781 [ForkJoinPool-1-worker-5] DEBUG com.intuit.karate - request:
1 > GET https://reqres.in/api/users/3
1 > Accept-Encoding: gzip,deflate
1 > Connection: Keep-Alive
1 > Host: reqres.in
1 > User-Agent: Apache-HttpClient/4.5.11 (Java/1.8.0_251)

16:36:21.781 [ForkJoinPool-1-worker-2] DEBUG com.intuit.karate - request:
1 > GET https://reqres.in/api/users/3
1 > Accept-Encoding: gzip,deflate
1 > Connection: Keep-Alive
1 > Host: reqres.in
1 > User-Agent: Apache-HttpClient/4.5.11 (Java/1.8.0_251)

16:36:21.781 [ForkJoinPool-1-worker-4] DEBUG com.intuit.karate - request:
1 > GET https://reqres.in/api/users/3
1 > Accept-Encoding: gzip,deflate
1 > Connection: Keep-Alive
1 > Host: reqres.in
1 > User-Agent: Apache-HttpClient/4.5.11 (Java/1.8.0_251)

16:36:21.784 [ForkJoinPool-1-worker-3] DEBUG com.intuit.karate - request:
1 > POST https://reqres.in/api/users
1 > Accept-Encoding: gzip,deflate
1 > Connection: Keep-Alive
1 > Content-Length: 36
1 > Content-Type: text/plain; charset=UTF-8
1 > Host: reqres.in
1 > User-Agent: Apache-HttpClient/4.5.11 (Java/1.8.0_251)
{"name": "morpheus","job": "leader"}

16:36:21.786 [ForkJoinPool-1-worker-1] DEBUG com.intuit.karate - request:
1 > POST https://reqres.in/api/users
1 > Accept-Encoding: gzip,deflate
1 > Connection: Keep-Alive
1 > Content-Length: 32
1 > Content-Type: text/plain; charset=UTF-8
1 > Host: reqres.in
1 > User-Agent: Apache-HttpClient/4.5.11 (Java/1.8.0_251)
{"name": morpheus,"job": leader}

16:36:26.374 [ForkJoinPool-1-worker-2] DEBUG com.intuit.karate - response time in milliseconds: 4582.08
1 < 200
1 < Access-Control-Allow-Origin: *
1 < CF-Cache-Status: REVALIDATED
1 < CF-RAY: 5b2288ccfe09e135-BOM
1 < Cache-Control: max-age=14400
1 < Connection: keep-alive
1 < Content-Type: application/json; charset=utf-8
1 < Date: Mon, 13 Jul 2020 11:06:24 GMT
1 < Etag: W/"16e-/dQyOreIv6pEupp8RbP+u+utK/A"
1 < Expect-CT: max-age=604800, report-uri="https://report-uri.cloudflare.com/cdn-cgi/beacon/expect-ct"
1 < Server: cloudflare
1 < Set-Cookie: __cfduid=de0054b911e5ed2bfa78c9e6e5c80a77e1594638384; expires=Wed, 12-Aug-20 11:06:24 GMT; path=/; domain=.reqres.in; HttpOnly; SameSite=Lax; Secure
1 < Transfer-Encoding: chunked
1 < Vary: Accept-Encoding
1 < Via: 1.1 vegur
1 < X-Powered-By: Express
1 < cf-request-id: 03e973d4170000e135e6b09200000001
{"data":{"id":3,"email":"emma.wong@reqres.in","first_name":"Emma","last_name":"Wong","avatar":"https://s3.amazonaws.com/uifaces/faces/twitter/olegpogodaev/128.jpg"},"ad":{"company":"StatusCode Weekly","url":"http://statuscode.org/","text":"A weekly newsletter focusing on software development, infrastructure, the server, performance, and the stack end of things."}}

16:36:26.403 [ForkJoinPool-1-worker-2] DEBUG com.intuit.karate - request:
1 > GET https://reqres.in/api/users/2
1 > Accept-Encoding: gzip,deflate
1 > Connection: Keep-Alive
1 > Host: reqres.in
1 > User-Agent: Apache-HttpClient/4.5.11 (Java/1.8.0_251)

16:36:26.629 [ForkJoinPool-1-worker-5] DEBUG com.intuit.karate - response time in milliseconds: 4846.04
1 < 200
1 < Access-Control-Allow-Origin: *
1 < Age: 1
1 < CF-Cache-Status: HIT
1 < CF-RAY: 5b2288d23f13df63-BOM
1 < Cache-Control: max-age=14400
1 < Connection: keep-alive
1 < Content-Type: application/json; charset=utf-8
1 < Date: Mon, 13 Jul 2020 11:06:25 GMT
1 < Etag: W/"16e-/dQyOreIv6pEupp8RbP+u+utK/A"
1 < Expect-CT: max-age=604800, report-uri="https://report-uri.cloudflare.com/cdn-cgi/beacon/expect-ct"
1 < Server: cloudflare
1 < Set-Cookie: __cfduid=da7dfd1f9705a25a80fb2f15d894e8ec51594638385; expires=Wed, 12-Aug-20 11:06:25 GMT; path=/; domain=.reqres.in; HttpOnly; SameSite=Lax; Secure
1 < Transfer-Encoding: chunked
1 < Vary: Accept-Encoding
1 < Via: 1.1 vegur
1 < X-Powered-By: Express
1 < cf-request-id: 03e973d7610000df63a6908200000001
{"data":{"id":3,"email":"emma.wong@reqres.in","first_name":"Emma","last_name":"Wong","avatar":"https://s3.amazonaws.com/uifaces/faces/twitter/olegpogodaev/128.jpg"},"ad":{"company":"StatusCode Weekly","url":"http://statuscode.org/","text":"A weekly newsletter focusing on software development, infrastructure, the server, performance, and the stack end of things."}}

16:36:26.647 [ForkJoinPool-1-worker-5] DEBUG com.intuit.karate - request:
1 > GET https://reqres.in/api/users/3
1 > Accept-Encoding: gzip,deflate
1 > Connection: Keep-Alive
1 > Host: reqres.in
1 > User-Agent: Apache-HttpClient/4.5.11 (Java/1.8.0_251)

16:36:26.652 [ForkJoinPool-1-worker-4] DEBUG com.intuit.karate - response time in milliseconds: 4868.40
1 < 200
1 < Access-Control-Allow-Origin: *
1 < Age: 1
1 < CF-Cache-Status: HIT
1 < CF-RAY: 5b2288d27f8ce14e-BOM
1 < Cache-Control: max-age=14400
1 < Connection: keep-alive
1 < Content-Type: application/json; charset=utf-8
1 < Date: Mon, 13 Jul 2020 11:06:25 GMT
1 < Etag: W/"16e-/dQyOreIv6pEupp8RbP+u+utK/A"
1 < Expect-CT: max-age=604800, report-uri="https://report-uri.cloudflare.com/cdn-cgi/beacon/expect-ct"
1 < Server: cloudflare
1 < Set-Cookie: __cfduid=d3f269c5dcb8a4b19227a9a8b328fd0e81594638385; expires=Wed, 12-Aug-20 11:06:25 GMT; path=/; domain=.reqres.in; HttpOnly; SameSite=Lax; Secure
1 < Transfer-Encoding: chunked
1 < Vary: Accept-Encoding
1 < Via: 1.1 vegur
1 < X-Powered-By: Express
1 < cf-request-id: 03e973d7860000e14e0321b200000001
{"data":{"id":3,"email":"emma.wong@reqres.in","first_name":"Emma","last_name":"Wong","avatar":"https://s3.amazonaws.com/uifaces/faces/twitter/olegpogodaev/128.jpg"},"ad":{"company":"StatusCode Weekly","url":"http://statuscode.org/","text":"A weekly newsletter focusing on software development, infrastructure, the server, performance, and the stack end of things."}}

16:36:26.687 [ForkJoinPool-1-worker-4] WARN  com.intuit.karate - skipping bootstrap configuration: could not find or read file: classpath:karate-config.js
16:36:26.704 [ForkJoinPool-1-worker-4] DEBUG com.intuit.karate - request:
1 > GET https://reqres.in/api/users/3
1 > Accept-Encoding: gzip,deflate
1 > Connection: Keep-Alive
1 > Host: reqres.in
1 > User-Agent: Apache-HttpClient/4.5.11 (Java/1.8.0_251)

16:36:26.832 [pool-1-thread-3] INFO  com.intuit.karate.Runner - <<pass>> feature 3 of 6: classpath:com/feature/demoTest2.feature
16:36:26.913 [ForkJoinPool-1-worker-3] DEBUG com.intuit.karate - response time in milliseconds: 5128.94
1 < 201
1 < Access-Control-Allow-Origin: *
1 < CF-Cache-Status: DYNAMIC
1 < CF-RAY: 5b2288d29e98e156-BOM
1 < Connection: keep-alive
1 < Content-Length: 51
1 < Content-Type: application/json; charset=utf-8
1 < Date: Mon, 13 Jul 2020 11:06:25 GMT
1 < Etag: W/"33-ox0olz++2KuuWLK9zNj7w7PEBWE"
1 < Expect-CT: max-age=604800, report-uri="https://report-uri.cloudflare.com/cdn-cgi/beacon/expect-ct"
1 < Server: cloudflare
1 < Set-Cookie: __cfduid=d7cc340821537f7195ed9920ae3013f431594638385; expires=Wed, 12-Aug-20 11:06:25 GMT; path=/; domain=.reqres.in; HttpOnly; SameSite=Lax; Secure
1 < Via: 1.1 vegur
1 < X-Powered-By: Express
1 < cf-request-id: 03e973d79b0000e156bc908200000001
{"id":"340","createdAt":"2020-07-13T11:06:25.272Z"}

16:36:26.925 [pool-1-thread-4] INFO  com.intuit.karate.Runner - <<pass>> feature 4 of 6: classpath:com/feature/DemoTestPost1.feature
16:36:26.929 [ForkJoinPool-1-worker-3] WARN  com.intuit.karate - skipping bootstrap configuration: could not find or read file: classpath:karate-config.js
16:36:26.973 [ForkJoinPool-1-worker-3] INFO  com.intuit.karate - [print] Hello  World
16:36:26.974 [ForkJoinPool-1-worker-3] INFO  com.intuit.karate - [print] Hi  everybody
16:36:27.001 [pool-1-thread-3] INFO  com.intuit.karate.Runner - <<pass>> feature 6 of 6: classpath:com/feature/readJava.feature
16:36:27.064 [ForkJoinPool-1-worker-1] DEBUG com.intuit.karate - response time in milliseconds: 5276.81
1 < 201
1 < Access-Control-Allow-Origin: *
1 < CF-Cache-Status: DYNAMIC
1 < CF-RAY: 5b2288d3b8fcdf67-BOM
1 < Connection: keep-alive
1 < Content-Length: 51
1 < Content-Type: application/json; charset=utf-8
1 < Date: Mon, 13 Jul 2020 11:06:25 GMT
1 < Etag: W/"33-b2Z9Bew4EzKCAWmHPDsuzOizEhw"
1 < Expect-CT: max-age=604800, report-uri="https://report-uri.cloudflare.com/cdn-cgi/beacon/expect-ct"
1 < Server: cloudflare
1 < Set-Cookie: __cfduid=d44740efc232c2c733b7ea5bccabbe4d21594638385; expires=Wed, 12-Aug-20 11:06:25 GMT; path=/; domain=.reqres.in; HttpOnly; SameSite=Lax; Secure
1 < Via: 1.1 vegur
1 < X-Powered-By: Express
1 < cf-request-id: 03e973d84e0000df6755068200000001
{"id":"631","createdAt":"2020-07-13T11:06:25.446Z"}

16:36:27.065 [ForkJoinPool-1-worker-1] INFO  com.intuit.karate - [print] {
  "createdAt": "2020-07-13T11:06:25.446Z",
  "id": "631"
}

16:36:27.073 [pool-1-thread-1] INFO  com.intuit.karate.Runner - <<pass>> feature 1 of 6: classpath:com/feature/dataDriven.feature
16:36:27.333 [ForkJoinPool-1-worker-5] DEBUG com.intuit.karate - response time in milliseconds: 685.00
1 < 200
1 < Access-Control-Allow-Origin: *
1 < Age: 1
1 < CF-Cache-Status: HIT
1 < CF-RAY: 5b2288d73ac3df36-BOM
1 < Cache-Control: max-age=14400
1 < Connection: keep-alive
1 < Content-Type: application/json; charset=utf-8
1 < Date: Mon, 13 Jul 2020 11:06:25 GMT
1 < Etag: W/"16e-/dQyOreIv6pEupp8RbP+u+utK/A"
1 < Expect-CT: max-age=604800, report-uri="https://report-uri.cloudflare.com/cdn-cgi/beacon/expect-ct"
1 < Server: cloudflare
1 < Set-Cookie: __cfduid=d63da3f363a219c665aeb6e914d3778ef1594638385; expires=Wed, 12-Aug-20 11:06:25 GMT; path=/; domain=.reqres.in; HttpOnly; SameSite=Lax; Secure
1 < Transfer-Encoding: chunked
1 < Vary: Accept-Encoding
1 < Via: 1.1 vegur
1 < X-Powered-By: Express
1 < cf-request-id: 03e973da840000df3658899200000001
{"data":{"id":3,"email":"emma.wong@reqres.in","first_name":"Emma","last_name":"Wong","avatar":"https://s3.amazonaws.com/uifaces/faces/twitter/olegpogodaev/128.jpg"},"ad":{"company":"StatusCode Weekly","url":"http://statuscode.org/","text":"A weekly newsletter focusing on software development, infrastructure, the server, performance, and the stack end of things."}}

16:36:27.335 [ForkJoinPool-1-worker-5] INFO  com.intuit.karate - [print] {
  "ad": {
    "company": "StatusCode Weekly",
    "text": "A weekly newsletter focusing on software development, infrastructure, the server, performance, and the stack end of things.",
    "url": "http://statuscode.org/"
  },
  "data": {
    "last_name": "Wong",
    "id": 3,
    "avatar": "https://s3.amazonaws.com/uifaces/faces/twitter/olegpogodaev/128.jpg",
    "first_name": "Emma",
    "email": "emma.wong@reqres.in"
  }
}

16:36:27.357 [ForkJoinPool-1-worker-4] DEBUG com.intuit.karate - response time in milliseconds: 647.96
1 < 200
1 < Access-Control-Allow-Origin: *
1 < Age: 1
1 < CF-Cache-Status: HIT
1 < CF-RAY: 5b2288d75be1e135-BOM
1 < Cache-Control: max-age=14400
1 < Connection: keep-alive
1 < Content-Type: application/json; charset=utf-8
1 < Date: Mon, 13 Jul 2020 11:06:25 GMT
1 < Etag: W/"16e-/dQyOreIv6pEupp8RbP+u+utK/A"
1 < Expect-CT: max-age=604800, report-uri="https://report-uri.cloudflare.com/cdn-cgi/beacon/expect-ct"
1 < Server: cloudflare
1 < Set-Cookie: __cfduid=d4998c59f6057fa7f0a6f9fb2804a1fd31594638385; expires=Wed, 12-Aug-20 11:06:25 GMT; path=/; domain=.reqres.in; HttpOnly; SameSite=Lax; Secure
1 < Transfer-Encoding: chunked
1 < Vary: Accept-Encoding
1 < Via: 1.1 vegur
1 < X-Powered-By: Express
1 < cf-request-id: 03e973da970000e135ec962200000001
{"data":{"id":3,"email":"emma.wong@reqres.in","first_name":"Emma","last_name":"Wong","avatar":"https://s3.amazonaws.com/uifaces/faces/twitter/olegpogodaev/128.jpg"},"ad":{"company":"StatusCode Weekly","url":"http://statuscode.org/","text":"A weekly newsletter focusing on software development, infrastructure, the server, performance, and the stack end of things."}}

16:36:27.395 [ForkJoinPool-1-worker-5] INFO  com.intuit.karate - [print] Emma
16:36:27.401 [ForkJoinPool-1-worker-4] INFO  com.intuit.karate - [print]  Return Value----- Hello
16:36:27.407 [ForkJoinPool-1-worker-2] DEBUG com.intuit.karate - response time in milliseconds: 1001.56
1 < 200
1 < Access-Control-Allow-Origin: *
1 < CF-Cache-Status: REVALIDATED
1 < CF-RAY: 5b2288d5d9eee13d-BOM
1 < Cache-Control: max-age=14400
1 < Connection: keep-alive
1 < Content-Type: application/json; charset=utf-8
1 < Date: Mon, 13 Jul 2020 11:06:25 GMT
1 < Etag: W/"173-1Z8bn0V7UjH6FK7NCaza1ccWXQk"
1 < Expect-CT: max-age=604800, report-uri="https://report-uri.cloudflare.com/cdn-cgi/beacon/expect-ct"
1 < Server: cloudflare
1 < Set-Cookie: __cfduid=d29a85297c75476089bfeadf3be71f6261594638385; expires=Wed, 12-Aug-20 11:06:25 GMT; path=/; domain=.reqres.in; HttpOnly; SameSite=Lax; Secure
1 < Transfer-Encoding: chunked
1 < Vary: Accept-Encoding
1 < Via: 1.1 vegur
1 < X-Powered-By: Express
1 < cf-request-id: 03e973d9a20000e13d31904200000001
{"data":{"id":2,"email":"janet.weaver@reqres.in","first_name":"Janet","last_name":"Weaver","avatar":"https://s3.amazonaws.com/uifaces/faces/twitter/josephstein/128.jpg"},"ad":{"company":"StatusCode Weekly","url":"http://statuscode.org/","text":"A weekly newsletter focusing on software development, infrastructure, the server, performance, and the stack end of things."}}

16:36:27.408 [ForkJoinPool-1-worker-2] INFO  com.intuit.karate - [print] {
  "ad": {
    "company": "StatusCode Weekly",
    "text": "A weekly newsletter focusing on software development, infrastructure, the server, performance, and the stack end of things.",
    "url": "http://statuscode.org/"
  },
  "data": {
    "last_name": "Weaver",
    "id": 2,
    "avatar": "https://s3.amazonaws.com/uifaces/faces/twitter/josephstein/128.jpg",
    "first_name": "Janet",
    "email": "janet.weaver@reqres.in"
  }
}

16:36:27.414 [ForkJoinPool-1-worker-4] INFO  com.intuit.karate - [print] Second return value------ 
16:36:27.419 [pool-1-thread-5] INFO  com.intuit.karate.Runner - <<pass>> feature 5 of 6: classpath:com/feature/getCall.feature
16:36:27.430 [ForkJoinPool-1-worker-2] INFO  com.intuit.karate - [print] Weaver
16:36:27.442 [pool-1-thread-2] INFO  com.intuit.karate.Runner - <<pass>> feature 2 of 6: classpath:com/feature/demoTest.feature
16:37:57.013 [main] INFO  com.intuit.karate.Runner - waiting for parallel features to complete ...
16:37:57.212 [ForkJoinPool-1-worker-2] WARN  com.intuit.karate - skipping bootstrap configuration: could not find or read file: classpath:karate-config.js
16:37:57.213 [ForkJoinPool-1-worker-4] WARN  com.intuit.karate - skipping bootstrap configuration: could not find or read file: classpath:karate-config.js
16:37:57.211 [ForkJoinPool-1-worker-3] WARN  com.intuit.karate - skipping bootstrap configuration: could not find or read file: classpath:karate-config.js
16:37:57.214 [ForkJoinPool-1-worker-1] WARN  com.intuit.karate - skipping bootstrap configuration: could not find or read file: classpath:karate-config.js
16:37:57.211 [ForkJoinPool-1-worker-5] WARN  com.intuit.karate - skipping bootstrap configuration: could not find or read file: classpath:karate-config.js
16:37:58.373 [ForkJoinPool-1-worker-5] DEBUG com.intuit.karate - request:
1 > GET https://reqres.in/api/users/3
1 > Accept-Encoding: gzip,deflate
1 > Connection: Keep-Alive
1 > Host: reqres.in
1 > User-Agent: Apache-HttpClient/4.5.11 (Java/1.8.0_251)

16:37:58.373 [ForkJoinPool-1-worker-2] DEBUG com.intuit.karate - request:
1 > GET https://reqres.in/api/users/3
1 > Accept-Encoding: gzip,deflate
1 > Connection: Keep-Alive
1 > Host: reqres.in
1 > User-Agent: Apache-HttpClient/4.5.11 (Java/1.8.0_251)

16:37:58.373 [ForkJoinPool-1-worker-1] DEBUG com.intuit.karate - request:
1 > GET https://reqres.in/api/users/3
1 > Accept-Encoding: gzip,deflate
1 > Connection: Keep-Alive
1 > Host: reqres.in
1 > User-Agent: Apache-HttpClient/4.5.11 (Java/1.8.0_251)

16:37:58.377 [ForkJoinPool-1-worker-3] DEBUG com.intuit.karate - request:
1 > POST https://reqres.in/api/users
1 > Accept-Encoding: gzip,deflate
1 > Connection: Keep-Alive
1 > Content-Length: 36
1 > Content-Type: text/plain; charset=UTF-8
1 > Host: reqres.in
1 > User-Agent: Apache-HttpClient/4.5.11 (Java/1.8.0_251)
{"name": "morpheus","job": "leader"}

16:37:58.377 [ForkJoinPool-1-worker-4] DEBUG com.intuit.karate - request:
1 > POST https://reqres.in/api/users
1 > Accept-Encoding: gzip,deflate
1 > Connection: Keep-Alive
1 > Content-Length: 32
1 > Content-Type: text/plain; charset=UTF-8
1 > Host: reqres.in
1 > User-Agent: Apache-HttpClient/4.5.11 (Java/1.8.0_251)
{"name": morpheus,"job": leader}

16:37:59.215 [ForkJoinPool-1-worker-5] DEBUG com.intuit.karate - response time in milliseconds: 833.68
1 < 200
1 < Access-Control-Allow-Origin: *
1 < Age: 93
1 < CF-Cache-Status: HIT
1 < CF-RAY: 5b228b157e08df73-BOM
1 < Cache-Control: max-age=14400
1 < Connection: keep-alive
1 < Content-Type: application/json; charset=utf-8
1 < Date: Mon, 13 Jul 2020 11:07:57 GMT
1 < Etag: W/"16e-/dQyOreIv6pEupp8RbP+u+utK/A"
1 < Expect-CT: max-age=604800, report-uri="https://report-uri.cloudflare.com/cdn-cgi/beacon/expect-ct"
1 < Server: cloudflare
1 < Set-Cookie: __cfduid=d78fa316fe86451c52684987859c206011594638477; expires=Wed, 12-Aug-20 11:07:57 GMT; path=/; domain=.reqres.in; HttpOnly; SameSite=Lax; Secure
1 < Transfer-Encoding: chunked
1 < Vary: Accept-Encoding
1 < Via: 1.1 vegur
1 < X-Powered-By: Express
1 < cf-request-id: 03e97541660000df73ea1bd200000001
{"data":{"id":3,"email":"emma.wong@reqres.in","first_name":"Emma","last_name":"Wong","avatar":"https://s3.amazonaws.com/uifaces/faces/twitter/olegpogodaev/128.jpg"},"ad":{"company":"StatusCode Weekly","url":"http://statuscode.org/","text":"A weekly newsletter focusing on software development, infrastructure, the server, performance, and the stack end of things."}}

16:37:59.215 [ForkJoinPool-1-worker-2] DEBUG com.intuit.karate - response time in milliseconds: 836.79
1 < 200
1 < Access-Control-Allow-Origin: *
1 < Age: 93
1 < CF-Cache-Status: HIT
1 < CF-RAY: 5b228b157f5cdf63-BOM
1 < Cache-Control: max-age=14400
1 < Connection: keep-alive
1 < Content-Type: application/json; charset=utf-8
1 < Date: Mon, 13 Jul 2020 11:07:57 GMT
1 < Etag: W/"16e-/dQyOreIv6pEupp8RbP+u+utK/A"
1 < Expect-CT: max-age=604800, report-uri="https://report-uri.cloudflare.com/cdn-cgi/beacon/expect-ct"
1 < Server: cloudflare
1 < Set-Cookie: __cfduid=d27201fd664444e5828f8244852e662b41594638477; expires=Wed, 12-Aug-20 11:07:57 GMT; path=/; domain=.reqres.in; HttpOnly; SameSite=Lax; Secure
1 < Transfer-Encoding: chunked
1 < Vary: Accept-Encoding
1 < Via: 1.1 vegur
1 < X-Powered-By: Express
1 < cf-request-id: 03e97541670000df639e09b200000001
{"data":{"id":3,"email":"emma.wong@reqres.in","first_name":"Emma","last_name":"Wong","avatar":"https://s3.amazonaws.com/uifaces/faces/twitter/olegpogodaev/128.jpg"},"ad":{"company":"StatusCode Weekly","url":"http://statuscode.org/","text":"A weekly newsletter focusing on software development, infrastructure, the server, performance, and the stack end of things."}}

16:37:59.215 [ForkJoinPool-1-worker-1] DEBUG com.intuit.karate - response time in milliseconds: 836.79
1 < 200
1 < Access-Control-Allow-Origin: *
1 < Age: 93
1 < CF-Cache-Status: HIT
1 < CF-RAY: 5b228b157c76df4b-BOM
1 < Cache-Control: max-age=14400
1 < Connection: keep-alive
1 < Content-Type: application/json; charset=utf-8
1 < Date: Mon, 13 Jul 2020 11:07:57 GMT
1 < Etag: W/"16e-/dQyOreIv6pEupp8RbP+u+utK/A"
1 < Expect-CT: max-age=604800, report-uri="https://report-uri.cloudflare.com/cdn-cgi/beacon/expect-ct"
1 < Server: cloudflare
1 < Set-Cookie: __cfduid=d50d559d7def0070405c1db0c427af5191594638477; expires=Wed, 12-Aug-20 11:07:57 GMT; path=/; domain=.reqres.in; HttpOnly; SameSite=Lax; Secure
1 < Transfer-Encoding: chunked
1 < Vary: Accept-Encoding
1 < Via: 1.1 vegur
1 < X-Powered-By: Express
1 < cf-request-id: 03e97541680000df4bf0be8200000001
{"data":{"id":3,"email":"emma.wong@reqres.in","first_name":"Emma","last_name":"Wong","avatar":"https://s3.amazonaws.com/uifaces/faces/twitter/olegpogodaev/128.jpg"},"ad":{"company":"StatusCode Weekly","url":"http://statuscode.org/","text":"A weekly newsletter focusing on software development, infrastructure, the server, performance, and the stack end of things."}}

16:37:59.228 [ForkJoinPool-1-worker-5] DEBUG com.intuit.karate - request:
1 > GET https://reqres.in/api/users/3
1 > Accept-Encoding: gzip,deflate
1 > Connection: Keep-Alive
1 > Host: reqres.in
1 > User-Agent: Apache-HttpClient/4.5.11 (Java/1.8.0_251)

16:37:59.231 [ForkJoinPool-1-worker-1] DEBUG com.intuit.karate - request:
1 > GET https://reqres.in/api/users/2
1 > Accept-Encoding: gzip,deflate
1 > Connection: Keep-Alive
1 > Host: reqres.in
1 > User-Agent: Apache-HttpClient/4.5.11 (Java/1.8.0_251)

16:37:59.234 [ForkJoinPool-1-worker-2] WARN  com.intuit.karate - skipping bootstrap configuration: could not find or read file: classpath:karate-config.js
16:37:59.239 [ForkJoinPool-1-worker-2] DEBUG com.intuit.karate - request:
1 > GET https://reqres.in/api/users/3
1 > Accept-Encoding: gzip,deflate
1 > Connection: Keep-Alive
1 > Host: reqres.in
1 > User-Agent: Apache-HttpClient/4.5.11 (Java/1.8.0_251)

16:37:59.308 [pool-1-thread-3] INFO  com.intuit.karate.Runner - <<pass>> feature 3 of 6: classpath:com/feature/demoTest2.feature
16:37:59.718 [ForkJoinPool-1-worker-4] DEBUG com.intuit.karate - response time in milliseconds: 1339.00
1 < 201
1 < Access-Control-Allow-Origin: *
1 < CF-Cache-Status: DYNAMIC
1 < CF-RAY: 5b228b156f48df63-BOM
1 < Connection: keep-alive
1 < Content-Length: 51
1 < Content-Type: application/json; charset=utf-8
1 < Date: Mon, 13 Jul 2020 11:07:57 GMT
1 < Etag: W/"33-TAiliiSo7XP+CkZNilpcUPDqmS0"
1 < Expect-CT: max-age=604800, report-uri="https://report-uri.cloudflare.com/cdn-cgi/beacon/expect-ct"
1 < Server: cloudflare
1 < Set-Cookie: __cfduid=d27201fd664444e5828f8244852e662b41594638477; expires=Wed, 12-Aug-20 11:07:57 GMT; path=/; domain=.reqres.in; HttpOnly; SameSite=Lax; Secure
1 < Via: 1.1 vegur
1 < X-Powered-By: Express
1 < cf-request-id: 03e97541620000df6388a2b200000001
{"id":"648","createdAt":"2020-07-13T11:07:57.883Z"}

16:37:59.720 [ForkJoinPool-1-worker-4] INFO  com.intuit.karate - [print] {
  "createdAt": "2020-07-13T11:07:57.883Z",
  "id": "648"
}

16:37:59.730 [pool-1-thread-1] INFO  com.intuit.karate.Runner - <<pass>> feature 1 of 6: classpath:com/feature/dataDriven.feature
16:37:59.733 [ForkJoinPool-1-worker-4] WARN  com.intuit.karate - skipping bootstrap configuration: could not find or read file: classpath:karate-config.js
16:37:59.739 [ForkJoinPool-1-worker-3] DEBUG com.intuit.karate - response time in milliseconds: 1360.59
1 < 201
1 < Access-Control-Allow-Origin: *
1 < CF-Cache-Status: DYNAMIC
1 < CF-RAY: 5b228b157925df57-BOM
1 < Connection: keep-alive
1 < Content-Length: 51
1 < Content-Type: application/json; charset=utf-8
1 < Date: Mon, 13 Jul 2020 11:07:58 GMT
1 < Etag: W/"33-cdR1pl5tVLQ54QKciLLsMzpoWc4"
1 < Expect-CT: max-age=604800, report-uri="https://report-uri.cloudflare.com/cdn-cgi/beacon/expect-ct"
1 < Server: cloudflare
1 < Set-Cookie: __cfduid=d3fb6e49893fd36d42f7499b7773d962a1594638477; expires=Wed, 12-Aug-20 11:07:57 GMT; path=/; domain=.reqres.in; HttpOnly; SameSite=Lax; Secure
1 < Via: 1.1 vegur
1 < X-Powered-By: Express
1 < cf-request-id: 03e97541690000df5754800200000001
{"id":"360","createdAt":"2020-07-13T11:07:58.014Z"}

16:37:59.751 [pool-1-thread-4] INFO  com.intuit.karate.Runner - <<pass>> feature 4 of 6: classpath:com/feature/DemoTestPost1.feature
16:37:59.780 [ForkJoinPool-1-worker-4] INFO  com.intuit.karate - [print] Hello  World
16:37:59.780 [ForkJoinPool-1-worker-4] INFO  com.intuit.karate - [print] Hi  everybody
16:37:59.787 [pool-1-thread-3] INFO  com.intuit.karate.Runner - <<pass>> feature 6 of 6: classpath:com/feature/readJava.feature
16:38:00.428 [ForkJoinPool-1-worker-2] DEBUG com.intuit.karate - response time in milliseconds: 1186.43
1 < 200
1 < Access-Control-Allow-Origin: *
1 < Age: 94
1 < CF-Cache-Status: HIT
1 < CF-RAY: 5b228b1bdf0ddf53-BOM
1 < Cache-Control: max-age=14400
1 < Connection: keep-alive
1 < Content-Type: application/json; charset=utf-8
1 < Date: Mon, 13 Jul 2020 11:07:58 GMT
1 < Etag: W/"16e-/dQyOreIv6pEupp8RbP+u+utK/A"
1 < Expect-CT: max-age=604800, report-uri="https://report-uri.cloudflare.com/cdn-cgi/beacon/expect-ct"
1 < Server: cloudflare
1 < Set-Cookie: __cfduid=d4fa20e2db30d7e67e581b309ffc327791594638478; expires=Wed, 12-Aug-20 11:07:58 GMT; path=/; domain=.reqres.in; HttpOnly; SameSite=Lax; Secure
1 < Transfer-Encoding: chunked
1 < Vary: Accept-Encoding
1 < Via: 1.1 vegur
1 < X-Powered-By: Express
1 < cf-request-id: 03e975456b0000df530b104200000001
{"data":{"id":3,"email":"emma.wong@reqres.in","first_name":"Emma","last_name":"Wong","avatar":"https://s3.amazonaws.com/uifaces/faces/twitter/olegpogodaev/128.jpg"},"ad":{"company":"StatusCode Weekly","url":"http://statuscode.org/","text":"A weekly newsletter focusing on software development, infrastructure, the server, performance, and the stack end of things."}}

16:38:00.430 [ForkJoinPool-1-worker-5] DEBUG com.intuit.karate - response time in milliseconds: 1200.45
1 < 200
1 < Access-Control-Allow-Origin: *
1 < Age: 94
1 < CF-Cache-Status: HIT
1 < CF-RAY: 5b228b1c3dd0df5f-BOM
1 < Cache-Control: max-age=14400
1 < Connection: keep-alive
1 < Content-Type: application/json; charset=utf-8
1 < Date: Mon, 13 Jul 2020 11:07:58 GMT
1 < Etag: W/"16e-/dQyOreIv6pEupp8RbP+u+utK/A"
1 < Expect-CT: max-age=604800, report-uri="https://report-uri.cloudflare.com/cdn-cgi/beacon/expect-ct"
1 < Server: cloudflare
1 < Set-Cookie: __cfduid=de7af69038af8ab4406dfe9141198a1401594638478; expires=Wed, 12-Aug-20 11:07:58 GMT; path=/; domain=.reqres.in; HttpOnly; SameSite=Lax; Secure
1 < Transfer-Encoding: chunked
1 < Vary: Accept-Encoding
1 < Via: 1.1 vegur
1 < X-Powered-By: Express
1 < cf-request-id: 03e97545a30000df5fb2293200000001
{"data":{"id":3,"email":"emma.wong@reqres.in","first_name":"Emma","last_name":"Wong","avatar":"https://s3.amazonaws.com/uifaces/faces/twitter/olegpogodaev/128.jpg"},"ad":{"company":"StatusCode Weekly","url":"http://statuscode.org/","text":"A weekly newsletter focusing on software development, infrastructure, the server, performance, and the stack end of things."}}

16:38:00.431 [ForkJoinPool-1-worker-5] INFO  com.intuit.karate - [print] {
  "ad": {
    "company": "StatusCode Weekly",
    "text": "A weekly newsletter focusing on software development, infrastructure, the server, performance, and the stack end of things.",
    "url": "http://statuscode.org/"
  },
  "data": {
    "last_name": "Wong",
    "id": 3,
    "avatar": "https://s3.amazonaws.com/uifaces/faces/twitter/olegpogodaev/128.jpg",
    "first_name": "Emma",
    "email": "emma.wong@reqres.in"
  }
}

16:38:00.438 [ForkJoinPool-1-worker-1] DEBUG com.intuit.karate - response time in milliseconds: 1205.66
1 < 200
1 < Access-Control-Allow-Origin: *
1 < Age: 93
1 < CF-Cache-Status: HIT
1 < CF-RAY: 5b228b1c385de15a-BOM
1 < Cache-Control: max-age=14400
1 < Connection: keep-alive
1 < Content-Type: application/json; charset=utf-8
1 < Date: Mon, 13 Jul 2020 11:07:58 GMT
1 < Etag: W/"173-1Z8bn0V7UjH6FK7NCaza1ccWXQk"
1 < Expect-CT: max-age=604800, report-uri="https://report-uri.cloudflare.com/cdn-cgi/beacon/expect-ct"
1 < Server: cloudflare
1 < Set-Cookie: __cfduid=dc7fa15acc48013bc199895d1ff63cc601594638478; expires=Wed, 12-Aug-20 11:07:58 GMT; path=/; domain=.reqres.in; HttpOnly; SameSite=Lax; Secure
1 < Transfer-Encoding: chunked
1 < Vary: Accept-Encoding
1 < Via: 1.1 vegur
1 < X-Powered-By: Express
1 < cf-request-id: 03e97545a40000e15a311af200000001
{"data":{"id":2,"email":"janet.weaver@reqres.in","first_name":"Janet","last_name":"Weaver","avatar":"https://s3.amazonaws.com/uifaces/faces/twitter/josephstein/128.jpg"},"ad":{"company":"StatusCode Weekly","url":"http://statuscode.org/","text":"A weekly newsletter focusing on software development, infrastructure, the server, performance, and the stack end of things."}}

16:38:00.442 [ForkJoinPool-1-worker-1] INFO  com.intuit.karate - [print] {
  "ad": {
    "company": "StatusCode Weekly",
    "text": "A weekly newsletter focusing on software development, infrastructure, the server, performance, and the stack end of things.",
    "url": "http://statuscode.org/"
  },
  "data": {
    "last_name": "Weaver",
    "id": 2,
    "avatar": "https://s3.amazonaws.com/uifaces/faces/twitter/josephstein/128.jpg",
    "first_name": "Janet",
    "email": "janet.weaver@reqres.in"
  }
}

16:38:00.496 [ForkJoinPool-1-worker-2] INFO  com.intuit.karate - [print]  Return Value----- Hello
16:38:00.514 [ForkJoinPool-1-worker-2] INFO  com.intuit.karate - [print] Second return value------ 
16:38:00.515 [ForkJoinPool-1-worker-5] INFO  com.intuit.karate - [print] Emma
16:38:00.521 [pool-1-thread-5] INFO  com.intuit.karate.Runner - <<pass>> feature 5 of 6: classpath:com/feature/getCall.feature
16:38:00.528 [ForkJoinPool-1-worker-1] INFO  com.intuit.karate - [print] Weaver
16:38:00.546 [pool-1-thread-2] INFO  com.intuit.karate.Runner - <<pass>> feature 2 of 6: classpath:com/feature/demoTest.feature
21:59:59.598 [main] INFO  com.intuit.karate.Runner - waiting for parallel features to complete ...
21:59:59.727 [ForkJoinPool-1-worker-2] WARN  com.intuit.karate - skipping bootstrap configuration: could not find or read file: classpath:karate-config.js
21:59:59.727 [ForkJoinPool-1-worker-4] WARN  com.intuit.karate - skipping bootstrap configuration: could not find or read file: classpath:karate-config.js
21:59:59.727 [ForkJoinPool-1-worker-5] WARN  com.intuit.karate - skipping bootstrap configuration: could not find or read file: classpath:karate-config.js
21:59:59.727 [ForkJoinPool-1-worker-1] WARN  com.intuit.karate - skipping bootstrap configuration: could not find or read file: classpath:karate-config.js
21:59:59.727 [ForkJoinPool-1-worker-3] WARN  com.intuit.karate - skipping bootstrap configuration: could not find or read file: classpath:karate-config.js
22:00:00.416 [ForkJoinPool-1-worker-5] DEBUG com.intuit.karate - request:
1 > GET https://reqres.in/api/users/3
1 > Accept-Encoding: gzip,deflate
1 > Connection: Keep-Alive
1 > Host: reqres.in
1 > User-Agent: Apache-HttpClient/4.5.11 (Java/1.8.0_251)

22:00:00.416 [ForkJoinPool-1-worker-1] DEBUG com.intuit.karate - request:
1 > GET https://reqres.in/api/users/3
1 > Accept-Encoding: gzip,deflate
1 > Connection: Keep-Alive
1 > Host: reqres.in
1 > User-Agent: Apache-HttpClient/4.5.11 (Java/1.8.0_251)

22:00:00.416 [ForkJoinPool-1-worker-4] DEBUG com.intuit.karate - request:
1 > GET https://reqres.in/api/users/3
1 > Accept-Encoding: gzip,deflate
1 > Connection: Keep-Alive
1 > Host: reqres.in
1 > User-Agent: Apache-HttpClient/4.5.11 (Java/1.8.0_251)

22:00:00.417 [ForkJoinPool-1-worker-2] DEBUG com.intuit.karate - request:
1 > POST https://reqres.in/api/users
1 > Accept-Encoding: gzip,deflate
1 > Connection: Keep-Alive
1 > Content-Length: 32
1 > Content-Type: text/plain; charset=UTF-8
1 > Host: reqres.in
1 > User-Agent: Apache-HttpClient/4.5.11 (Java/1.8.0_251)
{"name": morpheus,"job": leader}

22:00:00.417 [ForkJoinPool-1-worker-3] DEBUG com.intuit.karate - request:
1 > POST https://reqres.in/api/users
1 > Accept-Encoding: gzip,deflate
1 > Connection: Keep-Alive
1 > Content-Length: 36
1 > Content-Type: text/plain; charset=UTF-8
1 > Host: reqres.in
1 > User-Agent: Apache-HttpClient/4.5.11 (Java/1.8.0_251)
{"name": "morpheus","job": "leader"}

22:00:01.649 [ForkJoinPool-1-worker-5] DEBUG com.intuit.karate - response time in milliseconds: 1228.19
1 < 200
1 < Access-Control-Allow-Origin: *
1 < Age: 19128
1 < CF-Cache-Status: UPDATING
1 < CF-RAY: 5b2ca031e95ede0d-BOM
1 < Cache-Control: max-age=14400
1 < Connection: keep-alive
1 < Content-Type: application/json; charset=utf-8
1 < Date: Tue, 14 Jul 2020 16:29:59 GMT
1 < Etag: W/"16e-/dQyOreIv6pEupp8RbP+u+utK/A"
1 < Expect-CT: max-age=604800, report-uri="https://report-uri.cloudflare.com/cdn-cgi/beacon/expect-ct"
1 < Server: cloudflare
1 < Set-Cookie: __cfduid=ddf829b10e3f5b49ab85d5ed51eeccec81594744199; expires=Thu, 13-Aug-20 16:29:59 GMT; path=/; domain=.reqres.in; HttpOnly; SameSite=Lax; Secure
1 < Transfer-Encoding: chunked
1 < Vary: Accept-Encoding
1 < Via: 1.1 vegur
1 < X-Powered-By: Express
1 < cf-request-id: 03efc2732c0000de0d55253200000001
{"data":{"id":3,"email":"emma.wong@reqres.in","first_name":"Emma","last_name":"Wong","avatar":"https://s3.amazonaws.com/uifaces/faces/twitter/olegpogodaev/128.jpg"},"ad":{"company":"StatusCode Weekly","url":"http://statuscode.org/","text":"A weekly newsletter focusing on software development, infrastructure, the server, performance, and the stack end of things."}}

22:00:01.649 [ForkJoinPool-1-worker-4] DEBUG com.intuit.karate - response time in milliseconds: 1228.12
1 < 200
1 < Access-Control-Allow-Origin: *
1 < Age: 19128
1 < CF-Cache-Status: UPDATING
1 < CF-RAY: 5b2ca031e971de11-BOM
1 < Cache-Control: max-age=14400
1 < Connection: keep-alive
1 < Content-Type: application/json; charset=utf-8
1 < Date: Tue, 14 Jul 2020 16:29:59 GMT
1 < Etag: W/"16e-/dQyOreIv6pEupp8RbP+u+utK/A"
1 < Expect-CT: max-age=604800, report-uri="https://report-uri.cloudflare.com/cdn-cgi/beacon/expect-ct"
1 < Server: cloudflare
1 < Set-Cookie: __cfduid=d5e8140d0989892681fde2f1b4cb51c971594744199; expires=Thu, 13-Aug-20 16:29:59 GMT; path=/; domain=.reqres.in; HttpOnly; SameSite=Lax; Secure
1 < Transfer-Encoding: chunked
1 < Vary: Accept-Encoding
1 < Via: 1.1 vegur
1 < X-Powered-By: Express
1 < cf-request-id: 03efc2732f0000de11001e3200000001
{"data":{"id":3,"email":"emma.wong@reqres.in","first_name":"Emma","last_name":"Wong","avatar":"https://s3.amazonaws.com/uifaces/faces/twitter/olegpogodaev/128.jpg"},"ad":{"company":"StatusCode Weekly","url":"http://statuscode.org/","text":"A weekly newsletter focusing on software development, infrastructure, the server, performance, and the stack end of things."}}

22:00:01.658 [ForkJoinPool-1-worker-5] DEBUG com.intuit.karate - request:
1 > GET https://reqres.in/api/users/3
1 > Accept-Encoding: gzip,deflate
1 > Connection: Keep-Alive
1 > Host: reqres.in
1 > User-Agent: Apache-HttpClient/4.5.11 (Java/1.8.0_251)

22:00:01.661 [ForkJoinPool-1-worker-4] WARN  com.intuit.karate - skipping bootstrap configuration: could not find or read file: classpath:karate-config.js
22:00:01.663 [ForkJoinPool-1-worker-4] DEBUG com.intuit.karate - request:
1 > GET https://reqres.in/api/users/3
1 > Accept-Encoding: gzip,deflate
1 > Connection: Keep-Alive
1 > Host: reqres.in
1 > User-Agent: Apache-HttpClient/4.5.11 (Java/1.8.0_251)

22:00:01.752 [pool-1-thread-3] INFO  com.intuit.karate.Runner - <<pass>> feature 3 of 6: classpath:com/feature/demoTest2.feature
22:00:01.935 [ForkJoinPool-1-worker-5] DEBUG com.intuit.karate - response time in milliseconds: 274.10
1 < 200
1 < Access-Control-Allow-Origin: *
1 < Age: 19129
1 < CF-Cache-Status: UPDATING
1 < CF-RAY: 5b2ca03408a5de52-BOM
1 < Cache-Control: max-age=14400
1 < Connection: keep-alive
1 < Content-Type: application/json; charset=utf-8
1 < Date: Tue, 14 Jul 2020 16:30:00 GMT
1 < Etag: W/"16e-/dQyOreIv6pEupp8RbP+u+utK/A"
1 < Expect-CT: max-age=604800, report-uri="https://report-uri.cloudflare.com/cdn-cgi/beacon/expect-ct"
1 < Server: cloudflare
1 < Set-Cookie: __cfduid=d5397f964f26243c7ae95bbf2f5f9e01e1594744200; expires=Thu, 13-Aug-20 16:30:00 GMT; path=/; domain=.reqres.in; HttpOnly; SameSite=Lax; Secure
1 < Transfer-Encoding: chunked
1 < Vary: Accept-Encoding
1 < Via: 1.1 vegur
1 < X-Powered-By: Express
1 < cf-request-id: 03efc274890000de52dc078200000001
{"data":{"id":3,"email":"emma.wong@reqres.in","first_name":"Emma","last_name":"Wong","avatar":"https://s3.amazonaws.com/uifaces/faces/twitter/olegpogodaev/128.jpg"},"ad":{"company":"StatusCode Weekly","url":"http://statuscode.org/","text":"A weekly newsletter focusing on software development, infrastructure, the server, performance, and the stack end of things."}}

22:00:01.935 [ForkJoinPool-1-worker-4] DEBUG com.intuit.karate - response time in milliseconds: 269.09
1 < 200
1 < Access-Control-Allow-Origin: *
1 < Age: 19129
1 < CF-Cache-Status: UPDATING
1 < CF-RAY: 5b2ca0341ab4de25-BOM
1 < Cache-Control: max-age=14400
1 < Connection: keep-alive
1 < Content-Type: application/json; charset=utf-8
1 < Date: Tue, 14 Jul 2020 16:30:00 GMT
1 < Etag: W/"16e-/dQyOreIv6pEupp8RbP+u+utK/A"
1 < Expect-CT: max-age=604800, report-uri="https://report-uri.cloudflare.com/cdn-cgi/beacon/expect-ct"
1 < Server: cloudflare
1 < Set-Cookie: __cfduid=d80ff15e9ed7d3d6fca86b761a7bc5d601594744200; expires=Thu, 13-Aug-20 16:30:00 GMT; path=/; domain=.reqres.in; HttpOnly; SameSite=Lax; Secure
1 < Transfer-Encoding: chunked
1 < Vary: Accept-Encoding
1 < Via: 1.1 vegur
1 < X-Powered-By: Express
1 < cf-request-id: 03efc2748b0000de25e3a7f200000001
{"data":{"id":3,"email":"emma.wong@reqres.in","first_name":"Emma","last_name":"Wong","avatar":"https://s3.amazonaws.com/uifaces/faces/twitter/olegpogodaev/128.jpg"},"ad":{"company":"StatusCode Weekly","url":"http://statuscode.org/","text":"A weekly newsletter focusing on software development, infrastructure, the server, performance, and the stack end of things."}}

22:00:01.938 [ForkJoinPool-1-worker-5] INFO  com.intuit.karate - [print] {
  "ad": {
    "company": "StatusCode Weekly",
    "text": "A weekly newsletter focusing on software development, infrastructure, the server, performance, and the stack end of things.",
    "url": "http://statuscode.org/"
  },
  "data": {
    "last_name": "Wong",
    "id": 3,
    "avatar": "https://s3.amazonaws.com/uifaces/faces/twitter/olegpogodaev/128.jpg",
    "first_name": "Emma",
    "email": "emma.wong@reqres.in"
  }
}

22:00:01.977 [ForkJoinPool-1-worker-1] DEBUG com.intuit.karate - response time in milliseconds: 1558.66
1 < 200
1 < Access-Control-Allow-Origin: *
1 < CF-Cache-Status: REVALIDATED
1 < CF-RAY: 5b2ca031e9dfde5a-BOM
1 < Cache-Control: max-age=14400
1 < Connection: keep-alive
1 < Content-Type: application/json; charset=utf-8
1 < Date: Tue, 14 Jul 2020 16:30:00 GMT
1 < Etag: W/"16e-/dQyOreIv6pEupp8RbP+u+utK/A"
1 < Expect-CT: max-age=604800, report-uri="https://report-uri.cloudflare.com/cdn-cgi/beacon/expect-ct"
1 < Server: cloudflare
1 < Set-Cookie: __cfduid=d527128e2613bec81b0c615dfd6db981b1594744199; expires=Thu, 13-Aug-20 16:29:59 GMT; path=/; domain=.reqres.in; HttpOnly; SameSite=Lax; Secure
1 < Transfer-Encoding: chunked
1 < Vary: Accept-Encoding
1 < Via: 1.1 vegur
1 < X-Powered-By: Express
1 < cf-request-id: 03efc2732f0000de5a1fa8b200000001
{"data":{"id":3,"email":"emma.wong@reqres.in","first_name":"Emma","last_name":"Wong","avatar":"https://s3.amazonaws.com/uifaces/faces/twitter/olegpogodaev/128.jpg"},"ad":{"company":"StatusCode Weekly","url":"http://statuscode.org/","text":"A weekly newsletter focusing on software development, infrastructure, the server, performance, and the stack end of things."}}

22:00:01.988 [ForkJoinPool-1-worker-1] DEBUG com.intuit.karate - request:
1 > GET https://reqres.in/api/users/2
1 > Accept-Encoding: gzip,deflate
1 > Connection: Keep-Alive
1 > Host: reqres.in
1 > User-Agent: Apache-HttpClient/4.5.11 (Java/1.8.0_251)

22:00:01.995 [ForkJoinPool-1-worker-4] INFO  com.intuit.karate - [print]  Return Value----- Hello
22:00:01.997 [ForkJoinPool-1-worker-3] DEBUG com.intuit.karate - response time in milliseconds: 1579.16
1 < 201
1 < Access-Control-Allow-Origin: *
1 < CF-Cache-Status: DYNAMIC
1 < CF-RAY: 5b2ca031ec65de25-BOM
1 < Connection: keep-alive
1 < Content-Length: 49
1 < Content-Type: application/json; charset=utf-8
1 < Date: Tue, 14 Jul 2020 16:30:00 GMT
1 < Etag: W/"31-UbaINua5F1xmhHGyohWg6r418yI"
1 < Expect-CT: max-age=604800, report-uri="https://report-uri.cloudflare.com/cdn-cgi/beacon/expect-ct"
1 < Server: cloudflare
1 < Set-Cookie: __cfduid=d782d4ef146c6c27ccca02eaf05529ce21594744199; expires=Thu, 13-Aug-20 16:29:59 GMT; path=/; domain=.reqres.in; HttpOnly; SameSite=Lax; Secure
1 < Via: 1.1 vegur
1 < X-Powered-By: Express
1 < cf-request-id: 03efc273300000de25ec377200000001
{"id":"1","createdAt":"2020-07-14T16:30:00.325Z"}

22:00:01.997 [ForkJoinPool-1-worker-2] DEBUG com.intuit.karate - response time in milliseconds: 1577.55
1 < 201
1 < Access-Control-Allow-Origin: *
1 < CF-Cache-Status: DYNAMIC
1 < CF-RAY: 5b2ca031ec2ade4e-BOM
1 < Connection: keep-alive
1 < Content-Length: 51
1 < Content-Type: application/json; charset=utf-8
1 < Date: Tue, 14 Jul 2020 16:30:00 GMT
1 < Etag: W/"33-nF37xkS3szBbRplRhkpUd6e9Hrc"
1 < Expect-CT: max-age=604800, report-uri="https://report-uri.cloudflare.com/cdn-cgi/beacon/expect-ct"
1 < Server: cloudflare
1 < Set-Cookie: __cfduid=da4bf5668ff42e77304e71e06902295d51594744199; expires=Thu, 13-Aug-20 16:29:59 GMT; path=/; domain=.reqres.in; HttpOnly; SameSite=Lax; Secure
1 < Via: 1.1 vegur
1 < X-Powered-By: Express
1 < cf-request-id: 03efc273340000de4ed0b7b200000001
{"id":"408","createdAt":"2020-07-14T16:30:00.334Z"}

22:00:01.998 [ForkJoinPool-1-worker-2] INFO  com.intuit.karate - [print] {
  "createdAt": "2020-07-14T16:30:00.334Z",
  "id": "408"
}

22:00:02.012 [ForkJoinPool-1-worker-5] INFO  com.intuit.karate - [print] Emma
22:00:02.013 [ForkJoinPool-1-worker-3] WARN  com.intuit.karate - skipping bootstrap configuration: could not find or read file: classpath:karate-config.js
22:00:02.013 [pool-1-thread-4] INFO  com.intuit.karate.Runner - <<pass>> feature 4 of 6: classpath:com/feature/DemoTestPost1.feature
22:00:02.013 [pool-1-thread-1] INFO  com.intuit.karate.Runner - <<pass>> feature 1 of 6: classpath:com/feature/dataDriven.feature
22:00:02.015 [ForkJoinPool-1-worker-4] INFO  com.intuit.karate - [print] Second return value------ 
22:00:02.019 [pool-1-thread-5] INFO  com.intuit.karate.Runner - <<pass>> feature 5 of 6: classpath:com/feature/getCall.feature
22:00:02.032 [ForkJoinPool-1-worker-3] INFO  com.intuit.karate - [print] Hello  World
22:00:02.033 [ForkJoinPool-1-worker-3] INFO  com.intuit.karate - [print] Hi  everybody
22:00:02.036 [pool-1-thread-3] INFO  com.intuit.karate.Runner - <<pass>> feature 6 of 6: classpath:com/feature/readJava.feature
22:00:02.538 [ForkJoinPool-1-worker-1] DEBUG com.intuit.karate - response time in milliseconds: 549.30
1 < 200
1 < Access-Control-Allow-Origin: *
1 < CF-Cache-Status: REVALIDATED
1 < CF-RAY: 5b2ca0363dacde11-BOM
1 < Cache-Control: max-age=14400
1 < Connection: keep-alive
1 < Content-Type: application/json; charset=utf-8
1 < Date: Tue, 14 Jul 2020 16:30:00 GMT
1 < Etag: W/"173-1Z8bn0V7UjH6FK7NCaza1ccWXQk"
1 < Expect-CT: max-age=604800, report-uri="https://report-uri.cloudflare.com/cdn-cgi/beacon/expect-ct"
1 < Server: cloudflare
1 < Set-Cookie: __cfduid=da6dadd64b768b300579c08d9b24cc4501594744200; expires=Thu, 13-Aug-20 16:30:00 GMT; path=/; domain=.reqres.in; HttpOnly; SameSite=Lax; Secure
1 < Transfer-Encoding: chunked
1 < Vary: Accept-Encoding
1 < Via: 1.1 vegur
1 < X-Powered-By: Express
1 < cf-request-id: 03efc275df0000de110434e200000001
{"data":{"id":2,"email":"janet.weaver@reqres.in","first_name":"Janet","last_name":"Weaver","avatar":"https://s3.amazonaws.com/uifaces/faces/twitter/josephstein/128.jpg"},"ad":{"company":"StatusCode Weekly","url":"http://statuscode.org/","text":"A weekly newsletter focusing on software development, infrastructure, the server, performance, and the stack end of things."}}

22:00:02.540 [ForkJoinPool-1-worker-1] INFO  com.intuit.karate - [print] {
  "ad": {
    "company": "StatusCode Weekly",
    "text": "A weekly newsletter focusing on software development, infrastructure, the server, performance, and the stack end of things.",
    "url": "http://statuscode.org/"
  },
  "data": {
    "last_name": "Weaver",
    "id": 2,
    "avatar": "https://s3.amazonaws.com/uifaces/faces/twitter/josephstein/128.jpg",
    "first_name": "Janet",
    "email": "janet.weaver@reqres.in"
  }
}

22:00:02.553 [ForkJoinPool-1-worker-1] INFO  com.intuit.karate - [print] Weaver
22:00:02.561 [pool-1-thread-2] INFO  com.intuit.karate.Runner - <<pass>> feature 2 of 6: classpath:com/feature/demoTest.feature
